#
# There is insufficient memory for the Java Runtime Environment to continue.
# Native memory allocation (malloc) failed to allocate 1053696 bytes for Chunk::new
# Possible reasons:
#   The system is out of physical RAM or swap space
#   The process is running with CompressedOops enabled, and the Java Heap may be blocking the growth of the native heap
# Possible solutions:
#   Reduce memory load on the system
#   Increase physical memory or swap space
#   Check if swap backing store is full
#   Decrease Java heap size (-Xmx/-Xms)
#   Decrease number of Java threads
#   Decrease Java thread stack sizes (-Xss)
#   Set larger code cache with -XX:ReservedCodeCacheSize=
#   JVM is running with Unscaled Compressed Oops mode in which the Java heap is
#     placed in the first 4GB address space. The Java Heap base address is the
#     maximum limit for the native heap growth. Please use -XX:HeapBaseMinAddress
#     to set the Java Heap base and to place the Java Heap above 4GB virtual address.
# This output file may be truncated or incomplete.
#
#  Out of Memory Error (./src/hotspot/share/memory/arena.cpp:197), pid=15516, tid=11464
#
# JRE version: OpenJDK Runtime Environment (11.0.10) (build 11.0.10+0-b96-7249189)
# Java VM: OpenJDK 64-Bit Server VM (11.0.10+0-b96-7249189, mixed mode, tiered, compressed oops, g1 gc, windows-amd64)
# No core dump will be written. Minidumps are not enabled by default on client versions of Windows
#

---------------  S U M M A R Y ------------

Command Line: --add-opens=java.base/java.util=ALL-UNNAMED --add-opens=java.base/java.lang=ALL-UNNAMED --add-opens=java.base/java.lang.invoke=ALL-UNNAMED --add-opens=java.base/java.util=ALL-UNNAMED --add-opens=java.prefs/java.util.prefs=ALL-UNNAMED --add-opens=java.prefs/java.util.prefs=ALL-UNNAMED --add-opens=java.base/java.nio.charset=ALL-UNNAMED --add-opens=java.base/java.net=ALL-UNNAMED --add-opens=java.base/java.util.concurrent.atomic=ALL-UNNAMED -Xmx2048m -Dfile.encoding=UTF-8 -Duser.country=CN -Duser.language=zh -Duser.variant org.gradle.launcher.daemon.bootstrap.GradleDaemon 7.0.2

Host: Intel(R) Core(TM) i5-8250U CPU @ 1.60GHz, 8 cores, 7G,  Windows 10 , 64 bit Build 19041 (10.0.19041.1348)
Time: Wed Dec 29 20:23:57 2021 中国标准时间 elapsed time: 6921.967611 seconds (0d 1h 55m 21s)

---------------  T H R E A D  ---------------

Current thread (0x000001abc6e5c000):  JavaThread "C2 CompilerThread1" daemon [_thread_in_native, id=11464, stack(0x000000674e900000,0x000000674ea00000)]


Current CompileTask:
C2:6921967 33735       4       org.gradle.api.internal.artifacts.ivyservice.resolveengine.artifact.DefaultArtifactSet::toResolvedVariant (253 bytes)

Stack: [0x000000674e900000,0x000000674ea00000]
Native frames: (J=compiled Java code, j=interpreted, Vv=VM code, C=native code)
V  [jvm.dll+0x5ecfaa]
V  [jvm.dll+0x722bd5]
V  [jvm.dll+0x72412d]
V  [jvm.dll+0x7247e3]
V  [jvm.dll+0x242928]
V  [jvm.dll+0xbc4fc]
V  [jvm.dll+0xbca0c]
V  [jvm.dll+0x2b4fd4]
V  [jvm.dll+0x506028]
V  [jvm.dll+0x203253]
V  [jvm.dll+0x1fd07c]
V  [jvm.dll+0x1fa77f]
V  [jvm.dll+0x18354c]
V  [jvm.dll+0x208ee7]
V  [jvm.dll+0x207731]
V  [jvm.dll+0x6eb1cf]
V  [jvm.dll+0x6e3d45]
V  [jvm.dll+0x5ebe96]
C  [ucrtbase.dll+0x21bb2]
C  [KERNEL32.DLL+0x17034]
C  [ntdll.dll+0x52651]


---------------  P R O C E S S  ---------------

Threads class SMR info:
_java_thread_list=0x000001abc6eeee20, length=112, elements={
0x000001aba30ad800, 0x000001abbf4dd800, 0x000001abbf4eb000, 0x000001abbf50e000,
0x000001abbf50f000, 0x000001abbf510000, 0x000001abbf511800, 0x000001abbfdca000,
0x000001abbfdd2000, 0x000001abbff2a800, 0x000001abc2198800, 0x000001abc170f000,
0x000001abc304d000, 0x000001abc2775000, 0x000001abc2774000, 0x000001abc2777800,
0x000001abc2771800, 0x000001abc2778000, 0x000001abc5eeb800, 0x000001abc5ee7000,
0x000001abc5eec000, 0x000001abc5ee9800, 0x000001abc5eee800, 0x000001abc2388800,
0x000001abc238b000, 0x000001abc238c800, 0x000001abc238b800, 0x000001abc2386800,
0x000001abc238d000, 0x000001abc2390800, 0x000001abc6e5b000, 0x000001abc6e63800,
0x000001abc01e8800, 0x000001abc01df800, 0x000001abc6e55800, 0x000001abc01e1800,
0x000001abc01ea800, 0x000001abc6e59800, 0x000001abc01e9800, 0x000001abc6e5c800,
0x000001abc01ec800, 0x000001abc6e57000, 0x000001abc01ec000, 0x000001abc6e5d800,
0x000001abc238e000, 0x000001abc01df000, 0x000001abc2ece800, 0x000001abc2ed0800,
0x000001abc01e0800, 0x000001abc2ed0000, 0x000001abc01e5800, 0x000001abc01de000,
0x000001abc2ecc800, 0x000001abc5ef4800, 0x000001abc6e56000, 0x000001abc6e61000,
0x000001abc2ecc000, 0x000001abc07b6800, 0x000001abc07b5800, 0x000001abc01e8000,
0x000001abc2ec4800, 0x000001abc07b3000, 0x000001abc07b1000, 0x000001abc07b5000,
0x000001abc2ec6000, 0x000001abc2ec8000, 0x000001abc07ac800, 0x000001abc2ec7000,
0x000001abc2eca000, 0x000001abc07b2800, 0x000001abc2395800, 0x000001abc2393000,
0x000001abc2394000, 0x000001abc2391800, 0x000001abc238f800, 0x000001abc2775800,
0x000001abc6e62800, 0x000001abc01e2000, 0x000001abc01e3800, 0x000001abc01e3000,
0x000001abc01e4800, 0x000001abc01eb000, 0x000001abc01e6000, 0x000001abc01e7000,
0x000001abc07ab000, 0x000001abc07aa000, 0x000001abc07ad800, 0x000001abc07a8000,
0x000001abc07a9800, 0x000001abc07ae800, 0x000001abc07ac000, 0x000001abc07a8800,
0x000001abc07af000, 0x000001abc07b0000, 0x000001abc07b1800, 0x000001abc07b4000,
0x000001abc6e5c000, 0x000001abc6e58000, 0x000001abc6e5e800, 0x000001abc6e58800,
0x000001abc6e5f000, 0x000001abc6e60000, 0x000001abc6e5a800, 0x000001abc6e61800,
0x000001abc6e64000, 0x000001abc2ec8800, 0x000001abc2ec3800, 0x000001abc2ecb000,
0x000001abc2ec5800, 0x000001abc2ecf000, 0x000001abc2ed2800, 0x000001abc2ecd800
}

Java Threads: ( => current thread )
  0x000001aba30ad800 JavaThread "main" [_thread_blocked, id=10380, stack(0x000000674b100000,0x000000674b200000)]
  0x000001abbf4dd800 JavaThread "Reference Handler" daemon [_thread_blocked, id=4372, stack(0x000000674b800000,0x000000674b900000)]
  0x000001abbf4eb000 JavaThread "Finalizer" daemon [_thread_blocked, id=11572, stack(0x000000674b900000,0x000000674ba00000)]
  0x000001abbf50e000 JavaThread "Signal Dispatcher" daemon [_thread_blocked, id=7312, stack(0x000000674ba00000,0x000000674bb00000)]
  0x000001abbf50f000 JavaThread "Attach Listener" daemon [_thread_blocked, id=1328, stack(0x000000674bb00000,0x000000674bc00000)]
  0x000001abbf510000 JavaThread "Service Thread" daemon [_thread_blocked, id=13320, stack(0x000000674bc00000,0x000000674bd00000)]
  0x000001abbf511800 JavaThread "C2 CompilerThread0" daemon [_thread_in_native, id=14956, stack(0x000000674bd00000,0x000000674be00000)]
  0x000001abbfdca000 JavaThread "C1 CompilerThread0" daemon [_thread_blocked, id=14348, stack(0x000000674be00000,0x000000674bf00000)]
  0x000001abbfdd2000 JavaThread "Sweeper thread" daemon [_thread_blocked, id=148, stack(0x000000674bf00000,0x000000674c000000)]
  0x000001abbff2a800 JavaThread "Common-Cleaner" daemon [_thread_blocked, id=13148, stack(0x000000674c000000,0x000000674c100000)]
  0x000001abc2198800 JavaThread "Daemon health stats" [_thread_blocked, id=12880, stack(0x000000674c600000,0x000000674c700000)]
  0x000001abc170f000 JavaThread "Incoming local TCP Connector on port 51897" [_thread_in_native, id=12704, stack(0x000000674c200000,0x000000674c300000)]
  0x000001abc304d000 JavaThread "Daemon periodic checks" [_thread_blocked, id=1576, stack(0x000000674c300000,0x000000674c400000)]
  0x000001abc2775000 JavaThread "Cache worker for file hash cache (C:\Users\ASUS\.gradle\caches\7.0.2\fileHashes)" [_thread_blocked, id=10368, stack(0x000000674d300000,0x000000674d400000)]
  0x000001abc2774000 JavaThread "File lock request listener" [_thread_in_native, id=14608, stack(0x000000674d400000,0x000000674d500000)]
  0x000001abc2777800 JavaThread "Cache worker for journal cache (C:\Users\ASUS\.gradle\caches\journal-1)" [_thread_blocked, id=2252, stack(0x000000674d600000,0x000000674d700000)]
  0x000001abc2771800 JavaThread "File watcher server" daemon [_thread_in_native, id=7600, stack(0x000000674d900000,0x000000674da00000)]
  0x000001abc2778000 JavaThread "File watcher consumer" daemon [_thread_blocked, id=7592, stack(0x000000674da00000,0x000000674db00000)]
  0x000001abc5eeb800 JavaThread "Cache worker for execution history cache (C:\Users\ASUS\.gradle\caches\7.0.2\executionHistory)" [_thread_blocked, id=4820, stack(0x000000674df00000,0x000000674e000000)]
  0x000001abc5ee7000 JavaThread "jar transforms" [_thread_blocked, id=13904, stack(0x000000674e000000,0x000000674e100000)]
  0x000001abc5eec000 JavaThread "jar transforms Thread 2" [_thread_blocked, id=6464, stack(0x000000674e100000,0x000000674e200000)]
  0x000001abc5ee9800 JavaThread "Cache worker for file content cache (C:\Users\ASUS\.gradle\caches\7.0.2\fileContent)" [_thread_blocked, id=7980, stack(0x000000674e200000,0x000000674e300000)]
  0x000001abc5eee800 JavaThread "jar transforms Thread 3" [_thread_blocked, id=11420, stack(0x000000674e400000,0x000000674e500000)]
  0x000001abc2388800 JavaThread "jar transforms Thread 4" [_thread_blocked, id=8332, stack(0x000000674ee00000,0x000000674ef00000)]
  0x000001abc238b000 JavaThread "jar transforms Thread 5" [_thread_blocked, id=7352, stack(0x000000674ef00000,0x000000674f000000)]
  0x000001abc238c800 JavaThread "jar transforms Thread 6" [_thread_blocked, id=11188, stack(0x000000674f000000,0x000000674f100000)]
  0x000001abc238b800 JavaThread "jar transforms Thread 7" [_thread_blocked, id=11584, stack(0x000000674f100000,0x000000674f200000)]
  0x000001abc2386800 JavaThread "jar transforms Thread 8" [_thread_blocked, id=712, stack(0x000000674f200000,0x000000674f300000)]
  0x000001abc238d000 JavaThread "Memory manager" [_thread_blocked, id=12396, stack(0x000000674f300000,0x000000674f400000)]
  0x000001abc2390800 JavaThread "pool-3-thread-1" [_thread_blocked, id=11784, stack(0x000000674f500000,0x000000674f600000)]
  0x000001abc6e5b000 JavaThread "Cache worker for Java compile cache (C:\Users\ASUS\.gradle\caches\7.0.2\javaCompile)" [_thread_blocked, id=3320, stack(0x0000006750100000,0x0000006750200000)]
  0x000001abc6e63800 JavaThread "pool-8-thread-1" [_thread_blocked, id=15364, stack(0x000000674f400000,0x000000674f500000)]
  0x000001abc01e8800 JavaThread "pool-13-thread-1" [_thread_blocked, id=14644, stack(0x000000674f600000,0x000000674f700000)]
  0x000001abc01df800 JavaThread "pool-18-thread-1" [_thread_blocked, id=9356, stack(0x000000674eb00000,0x000000674ec00000)]
  0x000001abc6e55800 JavaThread "pool-23-thread-1" [_thread_blocked, id=15432, stack(0x000000674ec00000,0x000000674ed00000)]
  0x000001abc01e1800 JavaThread "pool-27-thread-1" [_thread_blocked, id=9272, stack(0x000000674ed00000,0x000000674ee00000)]
  0x000001abc01ea800 JavaThread "pool-32-thread-1" [_thread_blocked, id=13772, stack(0x000000674f700000,0x000000674f800000)]
  0x000001abc6e59800 JavaThread "pool-36-thread-1" [_thread_blocked, id=10144, stack(0x000000674f800000,0x000000674f900000)]
  0x000001abc01e9800 JavaThread "pool-41-thread-1" [_thread_blocked, id=1988, stack(0x000000674fa00000,0x000000674fb00000)]
  0x000001abc6e5c800 JavaThread "pool-46-thread-1" [_thread_blocked, id=12672, stack(0x000000674fb00000,0x000000674fc00000)]
  0x000001abc01ec800 JavaThread "pool-50-thread-1" [_thread_blocked, id=1744, stack(0x000000674f900000,0x000000674fa00000)]
  0x000001abc6e57000 JavaThread "pool-54-thread-1" [_thread_blocked, id=7576, stack(0x000000674fc00000,0x000000674fd00000)]
  0x000001abc01ec000 JavaThread "pool-58-thread-1" [_thread_blocked, id=14512, stack(0x000000674fd00000,0x000000674fe00000)]
  0x000001abc6e5d800 JavaThread "pool-62-thread-1" [_thread_blocked, id=10644, stack(0x0000006750200000,0x0000006750300000)]
  0x000001abc238e000 JavaThread "pool-67-thread-1" [_thread_blocked, id=9936, stack(0x000000674fe00000,0x000000674ff00000)]
  0x000001abc01df000 JavaThread "pool-72-thread-1" [_thread_blocked, id=13420, stack(0x0000006750300000,0x0000006750400000)]
  0x000001abc2ece800 JavaThread "pool-76-thread-1" [_thread_blocked, id=6756, stack(0x0000006750400000,0x0000006750500000)]
  0x000001abc2ed0800 JavaThread "pool-80-thread-1" [_thread_blocked, id=864, stack(0x0000006750500000,0x0000006750600000)]
  0x000001abc01e0800 JavaThread "pool-84-thread-1" [_thread_blocked, id=6564, stack(0x0000006750600000,0x0000006750700000)]
  0x000001abc2ed0000 JavaThread "pool-88-thread-1" [_thread_blocked, id=6540, stack(0x0000006750700000,0x0000006750800000)]
  0x000001abc01e5800 JavaThread "pool-92-thread-1" [_thread_blocked, id=8424, stack(0x0000006750800000,0x0000006750900000)]
  0x000001abc01de000 JavaThread "pool-96-thread-1" [_thread_blocked, id=14024, stack(0x0000006750900000,0x0000006750a00000)]
  0x000001abc2ecc800 JavaThread "pool-100-thread-1" [_thread_blocked, id=8992, stack(0x0000006750b00000,0x0000006750c00000)]
  0x000001abc5ef4800 JavaThread "pool-104-thread-1" [_thread_blocked, id=15276, stack(0x0000006750c00000,0x0000006750d00000)]
  0x000001abc6e56000 JavaThread "pool-107-thread-1" [_thread_blocked, id=6852, stack(0x0000006750a00000,0x0000006750b00000)]
  0x000001abc6e61000 JavaThread "pool-112-thread-1" [_thread_blocked, id=10564, stack(0x0000006751000000,0x0000006751100000)]
  0x000001abc2ecc000 JavaThread "pool-117-thread-1" [_thread_blocked, id=6180, stack(0x0000006751100000,0x0000006751200000)]
  0x000001abc07b6800 JavaThread "pool-121-thread-1" [_thread_blocked, id=7680, stack(0x0000006750e00000,0x0000006750f00000)]
  0x000001abc07b5800 JavaThread "pool-126-thread-1" [_thread_blocked, id=16024, stack(0x0000006750d00000,0x0000006750e00000)]
  0x000001abc01e8000 JavaThread "ForkJoinPool.commonPool-worker-11" daemon [_thread_blocked, id=12024, stack(0x0000006752800000,0x0000006752900000)]
  0x000001abc2ec4800 JavaThread "pool-131-thread-1" [_thread_blocked, id=7468, stack(0x0000006750f00000,0x0000006751000000)]
  0x000001abc07b3000 JavaThread "pool-136-thread-1" [_thread_blocked, id=8144, stack(0x0000006751300000,0x0000006751400000)]
  0x000001abc07b1000 JavaThread "pool-141-thread-1" [_thread_blocked, id=11376, stack(0x000000674ea00000,0x000000674eb00000)]
  0x000001abc07b5000 JavaThread "pool-144-thread-1" [_thread_blocked, id=6860, stack(0x0000006751400000,0x0000006751500000)]
  0x000001abc2ec6000 JavaThread "pool-148-thread-1" [_thread_blocked, id=16264, stack(0x0000006751200000,0x0000006751300000)]
  0x000001abc2ec8000 JavaThread "pool-153-thread-1" [_thread_blocked, id=1564, stack(0x0000006751600000,0x0000006751700000)]
  0x000001abc07ac800 JavaThread "pool-156-thread-1" [_thread_blocked, id=10172, stack(0x0000006751500000,0x0000006751600000)]
  0x000001abc2ec7000 JavaThread "Daemon Thread 19" [_thread_blocked, id=9224, stack(0x000000674ae00000,0x000000674af00000)]
  0x000001abc2eca000 JavaThread "Daemon worker Thread 19" [_thread_blocked, id=3968, stack(0x000000674c700000,0x000000674c800000)]
  0x000001abc07b2800 JavaThread "pool-159-thread-1" [_thread_blocked, id=7412, stack(0x0000006751700000,0x0000006751800000)]
  0x000001abc2395800 JavaThread "ForkJoinPool.commonPool-worker-5" daemon [_thread_blocked, id=7388, stack(0x0000006753000000,0x0000006753100000)]
  0x000001abc2393000 JavaThread "ForkJoinPool.commonPool-worker-7" daemon [_thread_blocked, id=1412, stack(0x0000006753100000,0x0000006753200000)]
  0x000001abc2394000 JavaThread "ForkJoinPool.commonPool-worker-13" daemon [_thread_blocked, id=13048, stack(0x0000006753200000,0x0000006753300000)]
  0x000001abc2391800 JavaThread "ForkJoinPool.commonPool-worker-9" daemon [_thread_blocked, id=14876, stack(0x0000006753300000,0x0000006753400000)]
  0x000001abc238f800 JavaThread "ForkJoinPool.commonPool-worker-15" daemon [_thread_blocked, id=7924, stack(0x0000006753400000,0x0000006753500000)]
  0x000001abc2775800 JavaThread "ForkJoinPool.commonPool-worker-1" daemon [_thread_blocked, id=11412, stack(0x0000006753500000,0x0000006753600000)]
  0x000001abc6e62800 JavaThread "pool-164-thread-1" [_thread_blocked, id=7668, stack(0x0000006751800000,0x0000006751900000)]
  0x000001abc01e2000 JavaThread "Handler for socket connection from /127.0.0.1:51897 to /127.0.0.1:58304" [_thread_in_native, id=3468, stack(0x000000674af00000,0x000000674b000000)]
  0x000001abc01e3800 JavaThread "Cancel handler" [_thread_blocked, id=11720, stack(0x000000674b000000,0x000000674b100000)]
  0x000001abc01e3000 JavaThread "Asynchronous log dispatcher for DefaultDaemonConnection: socket connection from /127.0.0.1:51897 to /127.0.0.1:58304" [_thread_blocked, id=11384, stack(0x000000674c800000,0x000000674c900000)]
  0x000001abc01e4800 JavaThread "Stdin handler" [_thread_blocked, id=2088, stack(0x000000674c900000,0x000000674ca00000)]
  0x000001abc01eb000 JavaThread "Daemon client event forwarder" [_thread_blocked, id=6472, stack(0x000000674ca00000,0x000000674cb00000)]
  0x000001abc01e6000 JavaThread "Cache worker for file hash cache (C:\Users\ASUS\Desktop\dazuoye1.8\.gradle\7.0.2\fileHashes)" [_thread_blocked, id=9668, stack(0x000000674cb00000,0x000000674cc00000)]
  0x000001abc01e7000 JavaThread "Cache worker for checksums cache (C:\Users\ASUS\Desktop\dazuoye1.8\.gradle\checksums)" [_thread_blocked, id=14984, stack(0x000000674cc00000,0x000000674cd00000)]
  0x000001abc07ab000 JavaThread "Cache worker for cache directory md-supplier (C:\Users\ASUS\.gradle\caches\7.0.2\md-supplier)" [_thread_blocked, id=11088, stack(0x000000674cd00000,0x000000674ce00000)]
  0x000001abc07aa000 JavaThread "Cache worker for cache directory md-rule (C:\Users\ASUS\.gradle\caches\7.0.2\md-rule)" [_thread_blocked, id=10792, stack(0x000000674d700000,0x000000674d800000)]
  0x000001abc07ad800 JavaThread "Cache worker for dependencies-accessors (C:\Users\ASUS\Desktop\dazuoye1.8\.gradle\7.0.2\dependencies-accessors)" [_thread_blocked, id=12136, stack(0x000000674d800000,0x000000674d900000)]
  0x000001abc07a8000 JavaThread "Cache worker for Build Output Cleanup Cache (C:\Users\ASUS\Desktop\dazuoye1.8\.gradle\buildOutputCleanup)" [_thread_blocked, id=14968, stack(0x000000674db00000,0x000000674dc00000)]
  0x000001abc07a9800 JavaThread "Build operations" [_thread_blocked, id=5344, stack(0x000000674dc00000,0x000000674dd00000)]
  0x000001abc07ae800 JavaThread "Build operations Thread 2" [_thread_blocked, id=12456, stack(0x000000674dd00000,0x000000674de00000)]
  0x000001abc07ac000 JavaThread "Build operations Thread 3" [_thread_blocked, id=4928, stack(0x000000674de00000,0x000000674df00000)]
  0x000001abc07a8800 JavaThread "Build operations Thread 4" [_thread_blocked, id=4492, stack(0x000000674e300000,0x000000674e400000)]
  0x000001abc07af000 JavaThread "Build operations Thread 5" [_thread_blocked, id=13304, stack(0x000000674e500000,0x000000674e600000)]
  0x000001abc07b0000 JavaThread "Build operations Thread 6" [_thread_blocked, id=10816, stack(0x000000674e600000,0x000000674e700000)]
  0x000001abc07b1800 JavaThread "Build operations Thread 7" [_thread_blocked, id=7316, stack(0x000000674e700000,0x000000674e800000)]
  0x000001abc07b4000 JavaThread "Build operations Thread 8" [_thread_blocked, id=10772, stack(0x000000674e800000,0x000000674e900000)]
=>0x000001abc6e5c000 JavaThread "C2 CompilerThread1" daemon [_thread_in_native, id=11464, stack(0x000000674e900000,0x000000674ea00000)]
  0x000001abc6e58000 JavaThread "build event listener" [_thread_blocked, id=11128, stack(0x0000006751900000,0x0000006751a00000)]
  0x000001abc6e5e800 JavaThread "pool-168-thread-1" [_thread_blocked, id=13860, stack(0x0000006751a00000,0x0000006751b00000)]
  0x000001abc6e58800 JavaThread "build event listener" [_thread_blocked, id=10744, stack(0x0000006751b00000,0x0000006751c00000)]
  0x000001abc6e5f000 JavaThread "Execution worker for ':'" [_thread_blocked, id=15852, stack(0x0000006751c00000,0x0000006751d00000)]
  0x000001abc6e60000 JavaThread "Execution worker for ':' Thread 2" [_thread_blocked, id=9976, stack(0x0000006751d00000,0x0000006751e00000)]
  0x000001abc6e5a800 JavaThread "Execution worker for ':' Thread 3" [_thread_blocked, id=5196, stack(0x0000006751e00000,0x0000006751f00000)]
  0x000001abc6e61800 JavaThread "Execution worker for ':' Thread 4" [_thread_blocked, id=3964, stack(0x0000006751f00000,0x0000006752000000)]
  0x000001abc6e64000 JavaThread "Execution worker for ':' Thread 5" [_thread_blocked, id=8004, stack(0x0000006752000000,0x0000006752100000)]
  0x000001abc2ec8800 JavaThread "Execution worker for ':' Thread 6" [_thread_blocked, id=5360, stack(0x0000006752100000,0x0000006752200000)]
  0x000001abc2ec3800 JavaThread "Execution worker for ':' Thread 7" [_thread_blocked, id=14296, stack(0x0000006752200000,0x0000006752300000)]
  0x000001abc2ecb000 JavaThread "Cache worker for execution history cache (C:\Users\ASUS\Desktop\dazuoye1.8\.gradle\7.0.2\executionHistory)" [_thread_blocked, id=3440, stack(0x0000006752300000,0x0000006752400000)]
  0x000001abc2ec5800 JavaThread "WorkerExecutor Queue" [_thread_blocked, id=15816, stack(0x0000006752400000,0x0000006752500000)]
  0x000001abc2ecf000 JavaThread "pool-169-thread-1" [_thread_blocked, id=15752, stack(0x0000006752500000,0x0000006752600000)]
  0x000001abc2ed2800 JavaThread "stderr" [_thread_in_native, id=3288, stack(0x0000006752600000,0x0000006752700000)]
  0x000001abc2ecd800 JavaThread "stdout" [_thread_in_native, id=4112, stack(0x0000006752700000,0x0000006752800000)]

Other Threads:
  0x000001abbf4db000 VMThread "VM Thread" [stack: 0x000000674b700000,0x000000674b800000] [id=2292]
  0x000001abbff71000 WatcherThread [stack: 0x000000674c100000,0x000000674c200000] [id=10328]
  0x000001aba30c7800 GCTaskThread "GC Thread#0" [stack: 0x000000674b200000,0x000000674b300000] [id=10544]
  0x000001abc06e0800 GCTaskThread "GC Thread#1" [stack: 0x000000674c400000,0x000000674c500000] [id=8960]
  0x000001abc0bf0800 GCTaskThread "GC Thread#2" [stack: 0x000000674c500000,0x000000674c600000] [id=2916]
  0x000001abc2041000 GCTaskThread "GC Thread#3" [stack: 0x000000674ce00000,0x000000674cf00000] [id=14680]
  0x000001abc10c2800 GCTaskThread "GC Thread#4" [stack: 0x000000674cf00000,0x000000674d000000] [id=12776]
  0x000001abc0ef8000 GCTaskThread "GC Thread#5" [stack: 0x000000674d000000,0x000000674d100000] [id=15772]
  0x000001abc0fca000 GCTaskThread "GC Thread#6" [stack: 0x000000674d100000,0x000000674d200000] [id=672]
  0x000001abc27c6000 GCTaskThread "GC Thread#7" [stack: 0x000000674d200000,0x000000674d300000] [id=13972]
  0x000001aba30fa000 ConcurrentGCThread "G1 Main Marker" [stack: 0x000000674b300000,0x000000674b400000] [id=12260]
  0x000001aba30fb800 ConcurrentGCThread "G1 Conc#0" [stack: 0x000000674b400000,0x000000674b500000] [id=944]
  0x000001abc15ec000 ConcurrentGCThread "G1 Conc#1" [stack: 0x000000674d500000,0x000000674d600000] [id=8548]
  0x000001abbf330800 ConcurrentGCThread "G1 Refine#0" [stack: 0x000000674b500000,0x000000674b600000] [id=8276]
  0x000001abc631f800 ConcurrentGCThread "G1 Refine#1" [stack: 0x000000674ff00000,0x0000006750000000] [id=8856]
  0x000001abc6324000 ConcurrentGCThread "G1 Refine#2" [stack: 0x0000006750000000,0x0000006750100000] [id=14028]
  0x000001abbf331800 ConcurrentGCThread "G1 Young RemSet Sampling" [stack: 0x000000674b600000,0x000000674b700000] [id=14544]

Threads with active compile tasks:
C2 CompilerThread06922020 33680       4       org.gradle.api.internal.artifacts.ivyservice.modulecache.ModuleMetadataSerializer$Reader::readVariants (97 bytes)
C2 CompilerThread16922021 33735       4       org.gradle.api.internal.artifacts.ivyservice.resolveengine.artifact.DefaultArtifactSet::toResolvedVariant (253 bytes)

VM state:not at safepoint (normal execution)

VM Mutex/Monitor currently owned by a thread: None

Heap address: 0x0000000080000000, size: 2048 MB, Compressed Oops mode: 32-bit
Narrow klass base: 0x0000000000000000, Narrow klass shift: 3
Compressed class space size: 1073741824 Address: 0x0000000100000000

Heap:
 garbage-first heap   total 218112K, used 124462K [0x0000000080000000, 0x0000000100000000)
  region size 1024K, 26 young (26624K), 1 survivors (1024K)
 Metaspace       used 132988K, capacity 137554K, committed 137804K, reserved 1169408K
  class space    used 15842K, capacity 17432K, committed 17484K, reserved 1048576K
Heap Regions: E=young(eden), S=young(survivor), O=old, HS=humongous(starts), HC=humongous(continues), CS=collection set, F=free, A=archive, TAMS=top-at-mark-start (previous, next)
|   0|0x0000000080000000, 0x0000000080100000, 0x0000000080100000|100%| O|  |TAMS 0x0000000080100000, 0x0000000080000000| Untracked 
|   1|0x0000000080100000, 0x0000000080200000, 0x0000000080200000|100%| O|  |TAMS 0x0000000080200000, 0x0000000080100000| Untracked 
|   2|0x0000000080200000, 0x0000000080300000, 0x0000000080300000|100%| O|  |TAMS 0x0000000080300000, 0x0000000080200000| Untracked 
|   3|0x0000000080300000, 0x0000000080400000, 0x0000000080400000|100%|HS|  |TAMS 0x0000000080400000, 0x0000000080300000| Complete 
|   4|0x0000000080400000, 0x0000000080500000, 0x0000000080500000|100%|HC|  |TAMS 0x0000000080500000, 0x0000000080400000| Complete 
|   5|0x0000000080500000, 0x0000000080600000, 0x0000000080600000|100%|HC|  |TAMS 0x0000000080600000, 0x0000000080500000| Complete 
|   6|0x0000000080600000, 0x0000000080700000, 0x0000000080700000|100%| O|  |TAMS 0x0000000080700000, 0x0000000080600000| Untracked 
|   7|0x0000000080700000, 0x0000000080800000, 0x0000000080800000|100%| O|  |TAMS 0x0000000080800000, 0x0000000080700000| Untracked 
|   8|0x0000000080800000, 0x0000000080900000, 0x0000000080900000|100%| O|  |TAMS 0x0000000080900000, 0x0000000080800000| Untracked 
|   9|0x0000000080900000, 0x0000000080a00000, 0x0000000080a00000|100%| O|  |TAMS 0x0000000080a00000, 0x0000000080900000| Untracked 
|  10|0x0000000080a00000, 0x0000000080b00000, 0x0000000080b00000|100%| O|  |TAMS 0x0000000080b00000, 0x0000000080a00000| Untracked 
|  11|0x0000000080b00000, 0x0000000080c00000, 0x0000000080c00000|100%| O|  |TAMS 0x0000000080c00000, 0x0000000080b00000| Untracked 
|  12|0x0000000080c00000, 0x0000000080d00000, 0x0000000080d00000|100%| O|  |TAMS 0x0000000080d00000, 0x0000000080c00000| Untracked 
|  13|0x0000000080d00000, 0x0000000080e00000, 0x0000000080e00000|100%| O|  |TAMS 0x0000000080e00000, 0x0000000080d00000| Untracked 
|  14|0x0000000080e00000, 0x0000000080f00000, 0x0000000080f00000|100%| O|  |TAMS 0x0000000080f00000, 0x0000000080e00000| Untracked 
|  15|0x0000000080f00000, 0x0000000081000000, 0x0000000081000000|100%| O|  |TAMS 0x0000000081000000, 0x0000000080f00000| Untracked 
|  16|0x0000000081000000, 0x0000000081100000, 0x0000000081100000|100%|HS|  |TAMS 0x0000000081100000, 0x0000000081000000| Complete 
|  17|0x0000000081100000, 0x0000000081200000, 0x0000000081200000|100%| O|  |TAMS 0x0000000081200000, 0x0000000081100000| Untracked 
|  18|0x0000000081200000, 0x0000000081300000, 0x0000000081300000|100%| O|  |TAMS 0x0000000081300000, 0x0000000081200000| Untracked 
|  19|0x0000000081300000, 0x0000000081400000, 0x0000000081400000|100%| O|  |TAMS 0x0000000081400000, 0x0000000081300000| Untracked 
|  20|0x0000000081400000, 0x0000000081500000, 0x0000000081500000|100%| O|  |TAMS 0x0000000081500000, 0x0000000081400000| Untracked 
|  21|0x0000000081500000, 0x0000000081600000, 0x0000000081600000|100%| O|  |TAMS 0x0000000081600000, 0x0000000081500000| Untracked 
|  22|0x0000000081600000, 0x0000000081700000, 0x0000000081700000|100%| O|  |TAMS 0x0000000081700000, 0x0000000081600000| Untracked 
|  23|0x0000000081700000, 0x0000000081800000, 0x0000000081800000|100%| O|  |TAMS 0x0000000081800000, 0x0000000081700000| Untracked 
|  24|0x0000000081800000, 0x0000000081900000, 0x0000000081900000|100%| O|  |TAMS 0x0000000081900000, 0x0000000081800000| Untracked 
|  25|0x0000000081900000, 0x0000000081a00000, 0x0000000081a00000|100%| O|  |TAMS 0x0000000081a00000, 0x0000000081900000| Untracked 
|  26|0x0000000081a00000, 0x0000000081b00000, 0x0000000081b00000|100%| O|  |TAMS 0x0000000081b00000, 0x0000000081a00000| Untracked 
|  27|0x0000000081b00000, 0x0000000081c00000, 0x0000000081c00000|100%|HS|  |TAMS 0x0000000081c00000, 0x0000000081b00000| Complete 
|  28|0x0000000081c00000, 0x0000000081d00000, 0x0000000081d00000|100%|HS|  |TAMS 0x0000000081d00000, 0x0000000081c00000| Complete 
|  29|0x0000000081d00000, 0x0000000081e00000, 0x0000000081e00000|100%|HC|  |TAMS 0x0000000081e00000, 0x0000000081d00000| Complete 
|  30|0x0000000081e00000, 0x0000000081f00000, 0x0000000081f00000|100%| O|  |TAMS 0x0000000081f00000, 0x0000000081e00000| Untracked 
|  31|0x0000000081f00000, 0x0000000082000000, 0x0000000082000000|100%| O|  |TAMS 0x0000000082000000, 0x0000000081f00000| Untracked 
|  32|0x0000000082000000, 0x0000000082100000, 0x0000000082100000|100%| O|  |TAMS 0x0000000082100000, 0x0000000082000000| Untracked 
|  33|0x0000000082100000, 0x0000000082200000, 0x0000000082200000|100%| O|  |TAMS 0x0000000082200000, 0x0000000082100000| Untracked 
|  34|0x0000000082200000, 0x0000000082300000, 0x0000000082300000|100%| O|  |TAMS 0x0000000082300000, 0x0000000082200000| Untracked 
|  35|0x0000000082300000, 0x0000000082300000, 0x0000000082400000|  0%| F|  |TAMS 0x0000000082300000, 0x0000000082300000| Untracked 
|  36|0x0000000082400000, 0x0000000082500000, 0x0000000082500000|100%| O|  |TAMS 0x0000000082500000, 0x0000000082400000| Untracked 
|  37|0x0000000082500000, 0x0000000082600000, 0x0000000082600000|100%| O|  |TAMS 0x0000000082600000, 0x0000000082500000| Untracked 
|  38|0x0000000082600000, 0x0000000082700000, 0x0000000082700000|100%| O|  |TAMS 0x0000000082700000, 0x0000000082600000| Untracked 
|  39|0x0000000082700000, 0x0000000082800000, 0x0000000082800000|100%| O|  |TAMS 0x0000000082800000, 0x0000000082700000| Untracked 
|  40|0x0000000082800000, 0x0000000082900000, 0x0000000082900000|100%| O|  |TAMS 0x0000000082900000, 0x0000000082800000| Untracked 
|  41|0x0000000082900000, 0x0000000082a00000, 0x0000000082a00000|100%| O|  |TAMS 0x0000000082a00000, 0x0000000082900000| Untracked 
|  42|0x0000000082a00000, 0x0000000082b00000, 0x0000000082b00000|100%| O|  |TAMS 0x0000000082b00000, 0x0000000082a00000| Untracked 
|  43|0x0000000082b00000, 0x0000000082b00000, 0x0000000082c00000|  0%| F|  |TAMS 0x0000000082b00000, 0x0000000082b00000| Untracked 
|  44|0x0000000082c00000, 0x0000000082d00000, 0x0000000082d00000|100%| O|  |TAMS 0x0000000082d00000, 0x0000000082c00000| Untracked 
|  45|0x0000000082d00000, 0x0000000082e00000, 0x0000000082e00000|100%| O|  |TAMS 0x0000000082e00000, 0x0000000082d00000| Untracked 
|  46|0x0000000082e00000, 0x0000000082f00000, 0x0000000082f00000|100%| O|  |TAMS 0x0000000082f00000, 0x0000000082e00000| Untracked 
|  47|0x0000000082f00000, 0x0000000082f00000, 0x0000000083000000|  0%| F|  |TAMS 0x0000000082f00000, 0x0000000082f00000| Untracked 
|  48|0x0000000083000000, 0x0000000083000000, 0x0000000083100000|  0%| F|  |TAMS 0x0000000083000000, 0x0000000083000000| Untracked 
|  49|0x0000000083100000, 0x0000000083200000, 0x0000000083200000|100%| O|  |TAMS 0x0000000083200000, 0x0000000083100000| Untracked 
|  50|0x0000000083200000, 0x0000000083300000, 0x0000000083300000|100%| O|  |TAMS 0x0000000083300000, 0x0000000083200000| Untracked 
|  51|0x0000000083300000, 0x0000000083400000, 0x0000000083400000|100%| O|  |TAMS 0x0000000083400000, 0x0000000083300000| Untracked 
|  52|0x0000000083400000, 0x0000000083500000, 0x0000000083500000|100%| O|  |TAMS 0x0000000083500000, 0x0000000083400000| Untracked 
|  53|0x0000000083500000, 0x0000000083500000, 0x0000000083600000|  0%| F|  |TAMS 0x0000000083500000, 0x0000000083500000| Untracked 
|  54|0x0000000083600000, 0x0000000083700000, 0x0000000083700000|100%| O|  |TAMS 0x0000000083700000, 0x0000000083600000| Untracked 
|  55|0x0000000083700000, 0x0000000083800000, 0x0000000083800000|100%| O|  |TAMS 0x0000000083700000, 0x0000000083700000| Untracked 
|  56|0x0000000083800000, 0x0000000083900000, 0x0000000083900000|100%| O|  |TAMS 0x0000000083900000, 0x0000000083800000| Untracked 
|  57|0x0000000083900000, 0x0000000083a00000, 0x0000000083a00000|100%| O|  |TAMS 0x0000000083a00000, 0x0000000083900000| Untracked 
|  58|0x0000000083a00000, 0x0000000083b00000, 0x0000000083b00000|100%| O|  |TAMS 0x0000000083a00000, 0x0000000083a00000| Untracked 
|  59|0x0000000083b00000, 0x0000000083c00000, 0x0000000083c00000|100%| O|  |TAMS 0x0000000083c00000, 0x0000000083b00000| Untracked 
|  60|0x0000000083c00000, 0x0000000083d00000, 0x0000000083d00000|100%| O|  |TAMS 0x0000000083d00000, 0x0000000083c00000| Untracked 
|  61|0x0000000083d00000, 0x0000000083e00000, 0x0000000083e00000|100%| O|  |TAMS 0x0000000083e00000, 0x0000000083d00000| Untracked 
|  62|0x0000000083e00000, 0x0000000083e00000, 0x0000000083f00000|  0%| F|  |TAMS 0x0000000083e00000, 0x0000000083e00000| Untracked 
|  63|0x0000000083f00000, 0x0000000084000000, 0x0000000084000000|100%| O|  |TAMS 0x0000000084000000, 0x0000000083f00000| Untracked 
|  64|0x0000000084000000, 0x0000000084100000, 0x0000000084100000|100%| O|  |TAMS 0x0000000084100000, 0x0000000084000000| Untracked 
|  65|0x0000000084100000, 0x0000000084200000, 0x0000000084200000|100%| O|  |TAMS 0x0000000084200000, 0x0000000084100000| Untracked 
|  66|0x0000000084200000, 0x0000000084300000, 0x0000000084300000|100%| O|  |TAMS 0x0000000084200000, 0x0000000084200000| Untracked 
|  67|0x0000000084300000, 0x0000000084400000, 0x0000000084400000|100%| O|  |TAMS 0x0000000084400000, 0x0000000084300000| Untracked 
|  68|0x0000000084400000, 0x0000000084500000, 0x0000000084500000|100%| O|  |TAMS 0x0000000084500000, 0x0000000084400000| Untracked 
|  69|0x0000000084500000, 0x0000000084600000, 0x0000000084600000|100%| O|  |TAMS 0x0000000084600000, 0x0000000084500000| Untracked 
|  70|0x0000000084600000, 0x0000000084600000, 0x0000000084700000|  0%| F|  |TAMS 0x0000000084600000, 0x0000000084600000| Untracked 
|  71|0x0000000084700000, 0x0000000084800000, 0x0000000084800000|100%| O|  |TAMS 0x0000000084800000, 0x0000000084700000| Untracked 
|  72|0x0000000084800000, 0x0000000084900000, 0x0000000084900000|100%| O|  |TAMS 0x0000000084900000, 0x0000000084800000| Untracked 
|  73|0x0000000084900000, 0x0000000084a00000, 0x0000000084a00000|100%| O|  |TAMS 0x0000000084a00000, 0x0000000084900000| Untracked 
|  74|0x0000000084a00000, 0x0000000084b00000, 0x0000000084b00000|100%| O|  |TAMS 0x0000000084b00000, 0x0000000084a00000| Untracked 
|  75|0x0000000084b00000, 0x0000000084b00000, 0x0000000084c00000|  0%| F|  |TAMS 0x0000000084b00000, 0x0000000084b00000| Untracked 
|  76|0x0000000084c00000, 0x0000000084d00000, 0x0000000084d00000|100%| O|  |TAMS 0x0000000084d00000, 0x0000000084c00000| Untracked 
|  77|0x0000000084d00000, 0x0000000084e00000, 0x0000000084e00000|100%| O|  |TAMS 0x0000000084e00000, 0x0000000084d00000| Untracked 
|  78|0x0000000084e00000, 0x0000000084f00000, 0x0000000084f00000|100%| O|  |TAMS 0x0000000084e00000, 0x0000000084e00000| Untracked 
|  79|0x0000000084f00000, 0x0000000084f00000, 0x0000000085000000|  0%| F|  |TAMS 0x0000000084f00000, 0x0000000084f00000| Untracked 
|  80|0x0000000085000000, 0x0000000085000000, 0x0000000085100000|  0%| F|  |TAMS 0x0000000085000000, 0x0000000085000000| Untracked 
|  81|0x0000000085100000, 0x0000000085200000, 0x0000000085200000|100%| O|  |TAMS 0x0000000085200000, 0x0000000085100000| Untracked 
|  82|0x0000000085200000, 0x0000000085300000, 0x0000000085300000|100%| O|  |TAMS 0x0000000085300000, 0x0000000085200000| Untracked 
|  83|0x0000000085300000, 0x0000000085300000, 0x0000000085400000|  0%| F|  |TAMS 0x0000000085300000, 0x0000000085300000| Untracked 
|  84|0x0000000085400000, 0x0000000085500000, 0x0000000085500000|100%| O|  |TAMS 0x0000000085500000, 0x0000000085400000| Untracked 
|  85|0x0000000085500000, 0x0000000085600000, 0x0000000085600000|100%| O|  |TAMS 0x0000000085600000, 0x0000000085500000| Untracked 
|  86|0x0000000085600000, 0x0000000085700000, 0x0000000085700000|100%| O|  |TAMS 0x0000000085700000, 0x0000000085600000| Untracked 
|  87|0x0000000085700000, 0x0000000085700000, 0x0000000085800000|  0%| F|  |TAMS 0x0000000085700000, 0x0000000085700000| Untracked 
|  88|0x0000000085800000, 0x0000000085800000, 0x0000000085900000|  0%| F|  |TAMS 0x0000000085800000, 0x0000000085800000| Untracked 
|  89|0x0000000085900000, 0x0000000085900000, 0x0000000085a00000|  0%| F|  |TAMS 0x0000000085900000, 0x0000000085900000| Untracked 
|  90|0x0000000085a00000, 0x0000000085b00000, 0x0000000085b00000|100%| O|  |TAMS 0x0000000085b00000, 0x0000000085a00000| Untracked 
|  91|0x0000000085b00000, 0x0000000085c00000, 0x0000000085c00000|100%| O|  |TAMS 0x0000000085c00000, 0x0000000085b00000| Untracked 
|  92|0x0000000085c00000, 0x0000000085c00000, 0x0000000085d00000|  0%| F|  |TAMS 0x0000000085c00000, 0x0000000085c00000| Untracked 
|  93|0x0000000085d00000, 0x0000000085e00000, 0x0000000085e00000|100%| O|  |TAMS 0x0000000085d7cc00, 0x0000000085d00000| Untracked 
|  94|0x0000000085e00000, 0x0000000085f00000, 0x0000000085f00000|100%| O|  |TAMS 0x0000000085e00000, 0x0000000085e00000| Untracked 
|  95|0x0000000085f00000, 0x0000000086000000, 0x0000000086000000|100%| O|  |TAMS 0x0000000085f00000, 0x0000000085f00000| Untracked 
|  96|0x0000000086000000, 0x0000000086100000, 0x0000000086100000|100%| O|  |TAMS 0x0000000086000000, 0x0000000086000000| Untracked 
|  97|0x0000000086100000, 0x00000000861bb800, 0x0000000086200000| 73%| O|  |TAMS 0x0000000086100000, 0x0000000086100000| Untracked 
|  98|0x0000000086200000, 0x0000000086200000, 0x0000000086300000|  0%| F|  |TAMS 0x0000000086200000, 0x0000000086200000| Untracked 
|  99|0x0000000086300000, 0x0000000086400000, 0x0000000086400000|100%| O|  |TAMS 0x0000000086400000, 0x0000000086300000| Untracked 
| 100|0x0000000086400000, 0x0000000086400000, 0x0000000086500000|  0%| F|  |TAMS 0x0000000086400000, 0x0000000086400000| Untracked 
| 101|0x0000000086500000, 0x0000000086500000, 0x0000000086600000|  0%| F|  |TAMS 0x0000000086500000, 0x0000000086500000| Untracked 
| 102|0x0000000086600000, 0x0000000086600000, 0x0000000086700000|  0%| F|  |TAMS 0x0000000086600000, 0x0000000086600000| Untracked 
| 103|0x0000000086700000, 0x0000000086700000, 0x0000000086800000|  0%| F|  |TAMS 0x0000000086700000, 0x0000000086700000| Untracked 
| 104|0x0000000086800000, 0x0000000086800000, 0x0000000086900000|  0%| F|  |TAMS 0x0000000086800000, 0x0000000086800000| Untracked 
| 105|0x0000000086900000, 0x0000000086a00000, 0x0000000086a00000|100%| O|  |TAMS 0x0000000086a00000, 0x0000000086900000| Untracked 
| 106|0x0000000086a00000, 0x0000000086a00000, 0x0000000086b00000|  0%| F|  |TAMS 0x0000000086a00000, 0x0000000086a00000| Untracked 
| 107|0x0000000086b00000, 0x0000000086c00000, 0x0000000086c00000|100%| O|  |TAMS 0x0000000086c00000, 0x0000000086b00000| Untracked 
| 108|0x0000000086c00000, 0x0000000086c00000, 0x0000000086d00000|  0%| F|  |TAMS 0x0000000086c00000, 0x0000000086c00000| Untracked 
| 109|0x0000000086d00000, 0x0000000086d00000, 0x0000000086e00000|  0%| F|  |TAMS 0x0000000086d00000, 0x0000000086d00000| Untracked 
| 110|0x0000000086e00000, 0x0000000086e00000, 0x0000000086f00000|  0%| F|  |TAMS 0x0000000086e00000, 0x0000000086e00000| Untracked 
| 111|0x0000000086f00000, 0x0000000086f00000, 0x0000000087000000|  0%| F|  |TAMS 0x0000000086f00000, 0x0000000086f00000| Untracked 
| 112|0x0000000087000000, 0x0000000087100000, 0x0000000087100000|100%| O|  |TAMS 0x0000000087100000, 0x0000000087000000| Untracked 
| 113|0x0000000087100000, 0x0000000087200000, 0x0000000087200000|100%| O|  |TAMS 0x0000000087200000, 0x0000000087100000| Untracked 
| 114|0x0000000087200000, 0x0000000087300000, 0x0000000087300000|100%| O|  |TAMS 0x0000000087300000, 0x0000000087200000| Untracked 
| 115|0x0000000087300000, 0x0000000087300000, 0x0000000087400000|  0%| F|  |TAMS 0x0000000087300000, 0x0000000087300000| Untracked 
| 116|0x0000000087400000, 0x0000000087400000, 0x0000000087500000|  0%| F|  |TAMS 0x0000000087400000, 0x0000000087400000| Untracked 
| 117|0x0000000087500000, 0x0000000087500000, 0x0000000087600000|  0%| F|  |TAMS 0x0000000087500000, 0x0000000087500000| Untracked 
| 118|0x0000000087600000, 0x0000000087600000, 0x0000000087700000|  0%| F|  |TAMS 0x0000000087600000, 0x0000000087600000| Untracked 
| 119|0x0000000087700000, 0x0000000087700000, 0x0000000087800000|  0%| F|  |TAMS 0x0000000087700000, 0x0000000087700000| Untracked 
| 120|0x0000000087800000, 0x0000000087800000, 0x0000000087900000|  0%| F|  |TAMS 0x0000000087800000, 0x0000000087800000| Untracked 
| 121|0x0000000087900000, 0x0000000087900000, 0x0000000087a00000|  0%| F|  |TAMS 0x0000000087900000, 0x0000000087900000| Untracked 
| 122|0x0000000087a00000, 0x0000000087a00000, 0x0000000087b00000|  0%| F|  |TAMS 0x0000000087a00000, 0x0000000087a00000| Untracked 
| 123|0x0000000087b00000, 0x0000000087b00000, 0x0000000087c00000|  0%| F|  |TAMS 0x0000000087b00000, 0x0000000087b00000| Untracked 
| 124|0x0000000087c00000, 0x0000000087c00000, 0x0000000087d00000|  0%| F|  |TAMS 0x0000000087c00000, 0x0000000087c00000| Untracked 
| 125|0x0000000087d00000, 0x0000000087d00000, 0x0000000087e00000|  0%| F|  |TAMS 0x0000000087d00000, 0x0000000087d00000| Untracked 
| 126|0x0000000087e00000, 0x0000000087e00000, 0x0000000087f00000|  0%| F|  |TAMS 0x0000000087e00000, 0x0000000087e00000| Untracked 
| 127|0x0000000087f00000, 0x0000000087f00000, 0x0000000088000000|  0%| F|  |TAMS 0x0000000087f00000, 0x0000000087f00000| Untracked 
| 128|0x0000000088000000, 0x0000000088000000, 0x0000000088100000|  0%| F|  |TAMS 0x0000000088000000, 0x0000000088000000| Untracked 
| 129|0x0000000088100000, 0x0000000088100000, 0x0000000088200000|  0%| F|  |TAMS 0x0000000088100000, 0x0000000088100000| Untracked 
| 130|0x0000000088200000, 0x0000000088200000, 0x0000000088300000|  0%| F|  |TAMS 0x0000000088200000, 0x0000000088200000| Untracked 
| 131|0x0000000088300000, 0x0000000088300000, 0x0000000088400000|  0%| F|  |TAMS 0x0000000088300000, 0x0000000088300000| Untracked 
| 132|0x0000000088400000, 0x0000000088400000, 0x0000000088500000|  0%| F|  |TAMS 0x0000000088400000, 0x0000000088400000| Untracked 
| 133|0x0000000088500000, 0x0000000088500000, 0x0000000088600000|  0%| F|  |TAMS 0x0000000088500000, 0x0000000088500000| Untracked 
| 134|0x0000000088600000, 0x0000000088600000, 0x0000000088700000|  0%| F|  |TAMS 0x0000000088600000, 0x0000000088600000| Untracked 
| 135|0x0000000088700000, 0x0000000088700000, 0x0000000088800000|  0%| F|  |TAMS 0x0000000088700000, 0x0000000088700000| Untracked 
| 136|0x0000000088800000, 0x0000000088800000, 0x0000000088900000|  0%| F|  |TAMS 0x0000000088800000, 0x0000000088800000| Untracked 
| 137|0x0000000088900000, 0x0000000088900000, 0x0000000088a00000|  0%| F|  |TAMS 0x0000000088900000, 0x0000000088900000| Untracked 
| 138|0x0000000088a00000, 0x0000000088a00000, 0x0000000088b00000|  0%| F|  |TAMS 0x0000000088a00000, 0x0000000088a00000| Untracked 
| 139|0x0000000088b00000, 0x0000000088b00000, 0x0000000088c00000|  0%| F|  |TAMS 0x0000000088b00000, 0x0000000088b00000| Untracked 
| 140|0x0000000088c00000, 0x0000000088c00000, 0x0000000088d00000|  0%| F|  |TAMS 0x0000000088c00000, 0x0000000088c00000| Untracked 
| 141|0x0000000088d00000, 0x0000000088d00000, 0x0000000088e00000|  0%| F|  |TAMS 0x0000000088d00000, 0x0000000088d00000| Untracked 
| 142|0x0000000088e00000, 0x0000000088e00000, 0x0000000088f00000|  0%| F|  |TAMS 0x0000000088e00000, 0x0000000088e00000| Untracked 
| 143|0x0000000088f00000, 0x0000000088f00000, 0x0000000089000000|  0%| F|  |TAMS 0x0000000088f00000, 0x0000000088f00000| Untracked 
| 144|0x0000000089000000, 0x0000000089000000, 0x0000000089100000|  0%| F|  |TAMS 0x0000000089000000, 0x0000000089000000| Untracked 
| 145|0x0000000089100000, 0x0000000089100000, 0x0000000089200000|  0%| F|  |TAMS 0x0000000089100000, 0x0000000089100000| Untracked 
| 146|0x0000000089200000, 0x0000000089200000, 0x0000000089300000|  0%| F|  |TAMS 0x0000000089200000, 0x0000000089200000| Untracked 
| 147|0x0000000089300000, 0x0000000089300000, 0x0000000089400000|  0%| F|  |TAMS 0x0000000089300000, 0x0000000089300000| Untracked 
| 148|0x0000000089400000, 0x0000000089400000, 0x0000000089500000|  0%| F|  |TAMS 0x0000000089400000, 0x0000000089400000| Untracked 
| 149|0x0000000089500000, 0x0000000089500000, 0x0000000089600000|  0%| F|  |TAMS 0x0000000089500000, 0x0000000089500000| Untracked 
| 150|0x0000000089600000, 0x0000000089600000, 0x0000000089700000|  0%| F|  |TAMS 0x0000000089600000, 0x0000000089600000| Untracked 
| 151|0x0000000089700000, 0x0000000089700000, 0x0000000089800000|  0%| F|  |TAMS 0x0000000089700000, 0x0000000089700000| Untracked 
| 152|0x0000000089800000, 0x0000000089900000, 0x0000000089900000|100%| O|  |TAMS 0x0000000089900000, 0x0000000089800000| Untracked 
| 153|0x0000000089900000, 0x0000000089a00000, 0x0000000089a00000|100%| O|  |TAMS 0x0000000089a00000, 0x0000000089900000| Untracked 
| 154|0x0000000089a00000, 0x0000000089a00000, 0x0000000089b00000|  0%| F|  |TAMS 0x0000000089a00000, 0x0000000089a00000| Untracked 
| 155|0x0000000089b00000, 0x0000000089b00000, 0x0000000089c00000|  0%| F|  |TAMS 0x0000000089b00000, 0x0000000089b00000| Untracked 
| 156|0x0000000089c00000, 0x0000000089c00000, 0x0000000089d00000|  0%| F|  |TAMS 0x0000000089c00000, 0x0000000089c00000| Untracked 
| 157|0x0000000089d00000, 0x0000000089d00000, 0x0000000089e00000|  0%| F|  |TAMS 0x0000000089d00000, 0x0000000089d00000| Untracked 
| 158|0x0000000089e00000, 0x0000000089e00000, 0x0000000089f00000|  0%| F|  |TAMS 0x0000000089e00000, 0x0000000089e00000| Untracked 
| 159|0x0000000089f00000, 0x0000000089f00000, 0x000000008a000000|  0%| F|  |TAMS 0x0000000089f00000, 0x0000000089f00000| Untracked 
| 160|0x000000008a000000, 0x000000008a000000, 0x000000008a100000|  0%| F|  |TAMS 0x000000008a000000, 0x000000008a000000| Untracked 
| 161|0x000000008a100000, 0x000000008a100000, 0x000000008a200000|  0%| F|  |TAMS 0x000000008a100000, 0x000000008a100000| Untracked 
| 162|0x000000008a200000, 0x000000008a200000, 0x000000008a300000|  0%| F|  |TAMS 0x000000008a200000, 0x000000008a200000| Untracked 
| 163|0x000000008a300000, 0x000000008a300000, 0x000000008a400000|  0%| F|  |TAMS 0x000000008a300000, 0x000000008a300000| Untracked 
| 164|0x000000008a400000, 0x000000008a400000, 0x000000008a500000|  0%| F|  |TAMS 0x000000008a400000, 0x000000008a400000| Untracked 
| 165|0x000000008a500000, 0x000000008a500000, 0x000000008a600000|  0%| F|  |TAMS 0x000000008a500000, 0x000000008a500000| Untracked 
| 166|0x000000008a600000, 0x000000008a600000, 0x000000008a700000|  0%| F|  |TAMS 0x000000008a600000, 0x000000008a600000| Untracked 
| 167|0x000000008a700000, 0x000000008a700000, 0x000000008a800000|  0%| F|  |TAMS 0x000000008a700000, 0x000000008a700000| Untracked 
| 168|0x000000008a800000, 0x000000008a800000, 0x000000008a900000|  0%| F|  |TAMS 0x000000008a800000, 0x000000008a800000| Untracked 
| 169|0x000000008a900000, 0x000000008a900000, 0x000000008aa00000|  0%| F|  |TAMS 0x000000008a900000, 0x000000008a900000| Untracked 
| 170|0x000000008aa00000, 0x000000008aa00000, 0x000000008ab00000|  0%| F|  |TAMS 0x000000008aa00000, 0x000000008aa00000| Untracked 
| 171|0x000000008ab00000, 0x000000008ab00000, 0x000000008ac00000|  0%| F|  |TAMS 0x000000008ab00000, 0x000000008ab00000| Untracked 
| 172|0x000000008ac00000, 0x000000008ac00000, 0x000000008ad00000|  0%| F|  |TAMS 0x000000008ac00000, 0x000000008ac00000| Untracked 
| 173|0x000000008ad00000, 0x000000008ad00000, 0x000000008ae00000|  0%| F|  |TAMS 0x000000008ad00000, 0x000000008ad00000| Untracked 
| 174|0x000000008ae00000, 0x000000008ae00000, 0x000000008af00000|  0%| F|  |TAMS 0x000000008ae00000, 0x000000008ae00000| Untracked 
| 175|0x000000008af00000, 0x000000008af00000, 0x000000008b000000|  0%| F|  |TAMS 0x000000008af00000, 0x000000008af00000| Untracked 
| 176|0x000000008b000000, 0x000000008b000000, 0x000000008b100000|  0%| F|  |TAMS 0x000000008b000000, 0x000000008b000000| Untracked 
| 177|0x000000008b100000, 0x000000008b100000, 0x000000008b200000|  0%| F|  |TAMS 0x000000008b100000, 0x000000008b100000| Untracked 
| 178|0x000000008b200000, 0x000000008b200000, 0x000000008b300000|  0%| F|  |TAMS 0x000000008b200000, 0x000000008b200000| Untracked 
| 179|0x000000008b300000, 0x000000008b300000, 0x000000008b400000|  0%| F|  |TAMS 0x000000008b300000, 0x000000008b300000| Untracked 
| 180|0x000000008b400000, 0x000000008b48a600, 0x000000008b500000| 54%| E|  |TAMS 0x000000008b400000, 0x000000008b400000| Complete 
| 181|0x000000008b500000, 0x000000008b600000, 0x000000008b600000|100%| E|CS|TAMS 0x000000008b500000, 0x000000008b500000| Complete 
| 182|0x000000008b600000, 0x000000008b700000, 0x000000008b700000|100%| E|CS|TAMS 0x000000008b600000, 0x000000008b600000| Complete 
| 183|0x000000008b700000, 0x000000008b800000, 0x000000008b800000|100%| E|  |TAMS 0x000000008b700000, 0x000000008b700000| Complete 
| 184|0x000000008b800000, 0x000000008b900000, 0x000000008b900000|100%| E|CS|TAMS 0x000000008b800000, 0x000000008b800000| Complete 
| 185|0x000000008b900000, 0x000000008ba00000, 0x000000008ba00000|100%| E|CS|TAMS 0x000000008b900000, 0x000000008b900000| Complete 
| 186|0x000000008ba00000, 0x000000008bb00000, 0x000000008bb00000|100%| E|CS|TAMS 0x000000008ba00000, 0x000000008ba00000| Complete 
| 187|0x000000008bb00000, 0x000000008bc00000, 0x000000008bc00000|100%| E|CS|TAMS 0x000000008bb00000, 0x000000008bb00000| Complete 
| 188|0x000000008bc00000, 0x000000008bd00000, 0x000000008bd00000|100%| E|CS|TAMS 0x000000008bc00000, 0x000000008bc00000| Complete 
| 189|0x000000008bd00000, 0x000000008be00000, 0x000000008be00000|100%| E|CS|TAMS 0x000000008bd00000, 0x000000008bd00000| Complete 
| 190|0x000000008be00000, 0x000000008bf00000, 0x000000008bf00000|100%| E|CS|TAMS 0x000000008be00000, 0x000000008be00000| Complete 
| 191|0x000000008bf00000, 0x000000008c000000, 0x000000008c000000|100%| E|CS|TAMS 0x000000008bf00000, 0x000000008bf00000| Complete 
| 192|0x000000008c000000, 0x000000008c100000, 0x000000008c100000|100%| E|CS|TAMS 0x000000008c000000, 0x000000008c000000| Complete 
| 193|0x000000008c100000, 0x000000008c200000, 0x000000008c200000|100%| E|CS|TAMS 0x000000008c100000, 0x000000008c100000| Complete 
| 194|0x000000008c200000, 0x000000008c300000, 0x000000008c300000|100%| E|CS|TAMS 0x000000008c200000, 0x000000008c200000| Complete 
| 195|0x000000008c300000, 0x000000008c400000, 0x000000008c400000|100%| E|CS|TAMS 0x000000008c300000, 0x000000008c300000| Complete 
| 196|0x000000008c400000, 0x000000008c500000, 0x000000008c500000|100%| E|CS|TAMS 0x000000008c400000, 0x000000008c400000| Complete 
| 197|0x000000008c500000, 0x000000008c600000, 0x000000008c600000|100%| E|CS|TAMS 0x000000008c500000, 0x000000008c500000| Complete 
| 198|0x000000008c600000, 0x000000008c6d0320, 0x000000008c700000| 81%| S|CS|TAMS 0x000000008c600000, 0x000000008c600000| Complete 
| 199|0x000000008c700000, 0x000000008c800000, 0x000000008c800000|100%| E|CS|TAMS 0x000000008c700000, 0x000000008c700000| Complete 
| 200|0x000000008c800000, 0x000000008c900000, 0x000000008c900000|100%| E|CS|TAMS 0x000000008c800000, 0x000000008c800000| Complete 
| 201|0x000000008c900000, 0x000000008ca00000, 0x000000008ca00000|100%| E|CS|TAMS 0x000000008c900000, 0x000000008c900000| Complete 
| 202|0x000000008ca00000, 0x000000008cb00000, 0x000000008cb00000|100%| E|CS|TAMS 0x000000008ca00000, 0x000000008ca00000| Complete 
| 203|0x000000008cb00000, 0x000000008cc00000, 0x000000008cc00000|100%| E|CS|TAMS 0x000000008cb00000, 0x000000008cb00000| Complete 
| 204|0x000000008cc00000, 0x000000008cd00000, 0x000000008cd00000|100%| E|CS|TAMS 0x000000008cc00000, 0x000000008cc00000| Complete 
| 205|0x000000008cd00000, 0x000000008ce00000, 0x000000008ce00000|100%| E|CS|TAMS 0x000000008cd00000, 0x000000008cd00000| Complete 
| 206|0x000000008ce00000, 0x000000008cf00000, 0x000000008cf00000|100%| O|  |TAMS 0x000000008cf00000, 0x000000008ce00000| Untracked 
| 207|0x000000008cf00000, 0x000000008d000000, 0x000000008d000000|100%| O|  |TAMS 0x000000008d000000, 0x000000008cf00000| Untracked 
| 208|0x000000008d000000, 0x000000008d100000, 0x000000008d100000|100%| O|  |TAMS 0x000000008d100000, 0x000000008d000000| Untracked 
| 209|0x000000008d100000, 0x000000008d200000, 0x000000008d200000|100%| O|  |TAMS 0x000000008d200000, 0x000000008d100000| Untracked 
| 210|0x000000008d200000, 0x000000008d300000, 0x000000008d300000|100%| O|  |TAMS 0x000000008d300000, 0x000000008d200000| Untracked 
| 211|0x000000008d300000, 0x000000008d400000, 0x000000008d400000|100%| O|  |TAMS 0x000000008d400000, 0x000000008d300000| Untracked 
| 212|0x000000008d400000, 0x000000008d500000, 0x000000008d500000|100%| O|  |TAMS 0x000000008d500000, 0x000000008d400000| Untracked 

Card table byte_map: [0x000001abb8210000,0x000001abb8610000] _byte_map_base: 0x000001abb7e10000

Marking Bits (Prev, Next): (CMBitMap*) 0x000001aba30f16f0, (CMBitMap*) 0x000001aba30f16b8
 Prev Bits: [0x000001abbaa10000, 0x000001abbca10000)
 Next Bits: [0x000001abb8a10000, 0x000001abbaa10000)

Polling page: 0x000001aba3190000

Metaspace:

Usage:
  Non-class:    117.31 MB capacity,   114.40 MB ( 98%) used,     2.39 MB (  2%) free+waste,   530.06 KB ( <1%) overhead. 
      Class:     17.02 MB capacity,    15.47 MB ( 91%) used,     1.33 MB (  8%) free+waste,   227.50 KB (  1%) overhead. 
       Both:    134.33 MB capacity,   129.87 MB ( 97%) used,     3.72 MB (  3%) free+waste,   757.56 KB ( <1%) overhead. 

Virtual space:
  Non-class space:      118.00 MB reserved,     117.50 MB (>99%) committed 
      Class space:        1.00 GB reserved,      17.07 MB (  2%) committed 
             Both:        1.12 GB reserved,     134.57 MB ( 12%) committed 

Chunk freelists:
   Non-Class:  6.00 KB
       Class:  8.00 KB
        Both:  14.00 KB

MaxMetaspaceSize: 17179869184.00 GB
CompressedClassSpaceSize: 1.00 GB

CodeHeap 'non-profiled nmethods': size=120000Kb used=25860Kb max_used=25860Kb free=94139Kb
 bounds [0x000001abafe80000, 0x000001abb17d0000, 0x000001abb73b0000]
CodeHeap 'profiled nmethods': size=120000Kb used=61912Kb max_used=61912Kb free=58087Kb
 bounds [0x000001aba8950000, 0x000001abac650000, 0x000001abafe80000]
CodeHeap 'non-nmethods': size=5760Kb used=2360Kb max_used=2478Kb free=3399Kb
 bounds [0x000001aba83b0000, 0x000001aba8630000, 0x000001aba8950000]
 total_blobs=29027 nmethods=28048 adapters=887
 compilation: enabled
              stopped_count=0, restarted_count=0
 full_count=0

Compilation events (20 events):
Event: 6921.773 Thread 0x000001abc6e5c000 nmethod 33714 0x000001abb17c0990 code [0x000001abb17c0c20, 0x000001abb17c25c8]
Event: 6921.774 Thread 0x000001abc6e5c000 33717       4       org.gradle.api.internal.tasks.properties.bean.AbstractNestedRuntimeBeanNode$BeanPropertyValue::getTaskDependencies (38 bytes)
Event: 6921.777 Thread 0x000001abc6e5c000 nmethod 33717 0x000001abb17c3290 code [0x000001abb17c3440, 0x000001abb17c36a8]
Event: 6921.777 Thread 0x000001abc6e5c000 33725       4       sun.security.provider.HashDrbg::addBytes (130 bytes)
Event: 6921.785 Thread 0x000001abc6e5c000 nmethod 33725 0x000001abb17c3890 code [0x000001abb17c3a20, 0x000001abb17c3d58]
Event: 6921.785 Thread 0x000001abc6e5c000 33728       4       java.util.AbstractList::iterator (9 bytes)
Event: 6921.786 Thread 0x000001abc6e5c000 nmethod 33728 0x000001abb17c3f10 code [0x000001abb17c40a0, 0x000001abb17c4198]
Event: 6921.786 Thread 0x000001abc6e5c000 33731       4       org.gradle.internal.classloader.ClassLoaderVisitor::visit (80 bytes)
Event: 6921.790 Thread 0x000001abbfdca000 33733       3       com.android.build.gradle.tasks.ProcessPackagedManifestTask_Decorated::toString (33 bytes)
Event: 6921.790 Thread 0x000001abbfdca000 nmethod 33733 0x000001abaa2e7110 code [0x000001abaa2e7320, 0x000001abaa2e78d8]
Event: 6921.793 Thread 0x000001abc6e5c000 nmethod 33731 0x000001abb17c4290 code [0x000001abb17c4480, 0x000001abb17c48c8]
Event: 6921.793 Thread 0x000001abc6e5c000 33732       4       org.gradle.internal.classloader.VisitableURLClassLoader::visit (38 bytes)
Event: 6921.813 Thread 0x000001abc6e5c000 nmethod 33732 0x000001abb17c4b90 code [0x000001abb17c4da0, 0x000001abb17c5b68]
Event: 6921.813 Thread 0x000001abc6e5c000 33735       4       org.gradle.api.internal.artifacts.ivyservice.resolveengine.artifact.DefaultArtifactSet::toResolvedVariant (253 bytes)
Event: 6921.819 Thread 0x000001abbfdca000 33736   !   3       com.google.gson.internal.ConstructorConstructor::newDefaultConstructor (37 bytes)
Event: 6921.820 Thread 0x000001abbfdca000 nmethod 33736 0x000001abaacec710 code [0x000001abaacec9c0, 0x000001abaaced6d8]
Event: 6921.820 Thread 0x000001abbfdca000 33737       1       com.android.build.api.variant.impl.VariantOutputImpl$SerializedForm::getVariantOutputConfiguration (5 bytes)
Event: 6921.820 Thread 0x000001abbfdca000 nmethod 33737 0x000001abb17c6090 code [0x000001abb17c6240, 0x000001abb17c62f8]
Event: 6921.852 Thread 0x000001abbfdca000 33739   !   3       org.gradle.api.internal.file.collections.DefaultDirectoryWalker::walkDir (79 bytes)
Event: 6921.854 Thread 0x000001abbfdca000 nmethod 33739 0x000001abac642010 code [0x000001abac642340, 0x000001abac643508]

GC Heap History (20 events):
Event: 6868.895 GC heap before
{Heap before GC invocations=207 (full 0):
 garbage-first heap   total 210944K, used 95324K [0x0000000080000000, 0x0000000100000000)
  region size 1024K, 10 young (10240K), 7 survivors (7168K)
 Metaspace       used 132690K, capacity 137096K, committed 137292K, reserved 1169408K
  class space    used 15830K, capacity 17413K, committed 17484K, reserved 1048576K
}
Event: 6868.914 GC heap after
{Heap after GC invocations=208 (full 0):
 garbage-first heap   total 210944K, used 87845K [0x0000000080000000, 0x0000000100000000)
  region size 1024K, 1 young (1024K), 1 survivors (1024K)
 Metaspace       used 132690K, capacity 137096K, committed 137292K, reserved 1169408K
  class space    used 15830K, capacity 17413K, committed 17484K, reserved 1048576K
}
Event: 6870.654 GC heap before
{Heap before GC invocations=208 (full 0):
 garbage-first heap   total 210944K, used 164645K [0x0000000080000000, 0x0000000100000000)
  region size 1024K, 77 young (78848K), 1 survivors (1024K)
 Metaspace       used 132749K, capacity 137114K, committed 137292K, reserved 1169408K
  class space    used 15831K, capacity 17415K, committed 17484K, reserved 1048576K
}
Event: 6870.663 GC heap after
{Heap after GC invocations=209 (full 0):
 garbage-first heap   total 210944K, used 92458K [0x0000000080000000, 0x0000000100000000)
  region size 1024K, 6 young (6144K), 6 survivors (6144K)
 Metaspace       used 132749K, capacity 137114K, committed 137292K, reserved 1169408K
  class space    used 15831K, capacity 17415K, committed 17484K, reserved 1048576K
}
Event: 6871.900 GC heap before
{Heap before GC invocations=210 (full 0):
 garbage-first heap   total 210944K, used 171306K [0x0000000080000000, 0x0000000100000000)
  region size 1024K, 80 young (81920K), 6 survivors (6144K)
 Metaspace       used 132813K, capacity 137233K, committed 137548K, reserved 1169408K
  class space    used 15836K, capacity 17424K, committed 17484K, reserved 1048576K
}
Event: 6871.910 GC heap after
{Heap after GC invocations=211 (full 0):
 garbage-first heap   total 210944K, used 98779K [0x0000000080000000, 0x0000000100000000)
  region size 1024K, 10 young (10240K), 10 survivors (10240K)
 Metaspace       used 132813K, capacity 137233K, committed 137548K, reserved 1169408K
  class space    used 15836K, capacity 17424K, committed 17484K, reserved 1048576K
}
Event: 6871.917 GC heap before
{Heap before GC invocations=211 (full 0):
 garbage-first heap   total 210944K, used 99803K [0x0000000080000000, 0x0000000100000000)
  region size 1024K, 11 young (11264K), 10 survivors (10240K)
 Metaspace       used 132813K, capacity 137233K, committed 137548K, reserved 1169408K
  class space    used 15836K, capacity 17424K, committed 17484K, reserved 1048576K
}
Event: 6871.936 GC heap after
{Heap after GC invocations=212 (full 0):
 garbage-first heap   total 210944K, used 93289K [0x0000000080000000, 0x0000000100000000)
  region size 1024K, 1 young (1024K), 1 survivors (1024K)
 Metaspace       used 132813K, capacity 137233K, committed 137548K, reserved 1169408K
  class space    used 15836K, capacity 17424K, committed 17484K, reserved 1048576K
}
Event: 6873.021 GC heap before
{Heap before GC invocations=212 (full 0):
 garbage-first heap   total 210944K, used 162921K [0x0000000080000000, 0x0000000100000000)
  region size 1024K, 71 young (72704K), 1 survivors (1024K)
 Metaspace       used 132905K, capacity 137344K, committed 137548K, reserved 1169408K
  class space    used 15840K, capacity 17431K, committed 17484K, reserved 1048576K
}
Event: 6873.053 GC heap after
{Heap after GC invocations=213 (full 0):
 garbage-first heap   total 210944K, used 102313K [0x0000000080000000, 0x0000000100000000)
  region size 1024K, 10 young (10240K), 10 survivors (10240K)
 Metaspace       used 132905K, capacity 137344K, committed 137548K, reserved 1169408K
  class space    used 15840K, capacity 17431K, committed 17484K, reserved 1048576K
}
Event: 6914.370 GC heap before
{Heap before GC invocations=214 (full 0):
 garbage-first heap   total 210944K, used 196521K [0x0000000080000000, 0x0000000100000000)
  region size 1024K, 75 young (76800K), 10 survivors (10240K)
 Metaspace       used 132937K, capacity 137413K, committed 137548K, reserved 1169408K
  class space    used 15840K, capacity 17431K, committed 17484K, reserved 1048576K
}
Event: 6914.393 GC heap after
{Heap after GC invocations=215 (full 0):
 garbage-first heap   total 218112K, used 110108K [0x0000000080000000, 0x0000000100000000)
  region size 1024K, 10 young (10240K), 10 survivors (10240K)
 Metaspace       used 132937K, capacity 137413K, committed 137548K, reserved 1169408K
  class space    used 15840K, capacity 17431K, committed 17484K, reserved 1048576K
}
Event: 6914.399 GC heap before
{Heap before GC invocations=215 (full 0):
 garbage-first heap   total 218112K, used 111132K [0x0000000080000000, 0x0000000100000000)
  region size 1024K, 11 young (11264K), 10 survivors (10240K)
 Metaspace       used 132937K, capacity 137413K, committed 137548K, reserved 1169408K
  class space    used 15840K, capacity 17431K, committed 17484K, reserved 1048576K
}
Event: 6914.413 GC heap after
{Heap after GC invocations=216 (full 0):
 garbage-first heap   total 218112K, used 109494K [0x0000000080000000, 0x0000000100000000)
  region size 1024K, 1 young (1024K), 1 survivors (1024K)
 Metaspace       used 132937K, capacity 137413K, committed 137548K, reserved 1169408K
  class space    used 15840K, capacity 17431K, committed 17484K, reserved 1048576K
}
Event: 6914.493 GC heap before
{Heap before GC invocations=216 (full 0):
 garbage-first heap   total 218112K, used 140214K [0x0000000080000000, 0x0000000100000000)
  region size 1024K, 33 young (33792K), 1 survivors (1024K)
 Metaspace       used 132937K, capacity 137413K, committed 137548K, reserved 1169408K
  class space    used 15840K, capacity 17431K, committed 17484K, reserved 1048576K
}
Event: 6914.502 GC heap after
{Heap after GC invocations=217 (full 0):
 garbage-first heap   total 218112K, used 114815K [0x0000000080000000, 0x0000000100000000)
  region size 1024K, 6 young (6144K), 6 survivors (6144K)
 Metaspace       used 132937K, capacity 137413K, committed 137548K, reserved 1169408K
  class space    used 15840K, capacity 17431K, committed 17484K, reserved 1048576K
}
Event: 6921.590 GC heap before
{Heap before GC invocations=218 (full 0):
 garbage-first heap   total 218112K, used 182399K [0x0000000080000000, 0x0000000100000000)
  region size 1024K, 58 young (59392K), 6 survivors (6144K)
 Metaspace       used 132954K, capacity 137419K, committed 137548K, reserved 1169408K
  class space    used 15842K, capacity 17432K, committed 17484K, reserved 1048576K
}
Event: 6921.598 GC heap after
{Heap after GC invocations=219 (full 0):
 garbage-first heap   total 218112K, used 113741K [0x0000000080000000, 0x0000000100000000)
  region size 1024K, 3 young (3072K), 3 survivors (3072K)
 Metaspace       used 132954K, capacity 137419K, committed 137548K, reserved 1169408K
  class space    used 15842K, capacity 17432K, committed 17484K, reserved 1048576K
}
Event: 6921.633 GC heap before
{Heap before GC invocations=219 (full 0):
 garbage-first heap   total 218112K, used 119885K [0x0000000080000000, 0x0000000100000000)
  region size 1024K, 10 young (10240K), 3 survivors (3072K)
 Metaspace       used 132960K, capacity 137424K, committed 137548K, reserved 1169408K
  class space    used 15842K, capacity 17432K, committed 17484K, reserved 1048576K
}
Event: 6921.648 GC heap after
{Heap after GC invocations=220 (full 0):
 garbage-first heap   total 218112K, used 100910K [0x0000000080000000, 0x0000000100000000)
  region size 1024K, 1 young (1024K), 1 survivors (1024K)
 Metaspace       used 132960K, capacity 137424K, committed 137548K, reserved 1169408K
  class space    used 15842K, capacity 17432K, committed 17484K, reserved 1048576K
}

Deoptimization events (20 events):
Event: 6914.368 Thread 0x000001abc6e5e800 DEOPT PACKING pc=0x000001abb0a13828 sp=0x0000006751af9c20
Event: 6914.368 Thread 0x000001abc6e5e800 DEOPT UNPACKING pc=0x000001aba83d78af sp=0x0000006751af9b88 mode 2
Event: 6914.416 Thread 0x000001abc6e5e800 DEOPT PACKING pc=0x000001abaa1b31d3 sp=0x0000006751af9ae0
Event: 6914.416 Thread 0x000001abc6e5e800 DEOPT UNPACKING pc=0x000001aba83d76ce sp=0x0000006751af9088 mode 0
Event: 6914.439 Thread 0x000001abc6e5e800 DEOPT PACKING pc=0x000001abac3d56c3 sp=0x0000006751afa8f0
Event: 6914.439 Thread 0x000001abc6e5e800 DEOPT UNPACKING pc=0x000001aba83d76ce sp=0x0000006751afa0d8 mode 0
Event: 6914.539 Thread 0x000001abc2ed2800 DEOPT PACKING pc=0x000001aba94b674f sp=0x00000067524fd4c0
Event: 6914.539 Thread 0x000001abc2ed2800 DEOPT UNPACKING pc=0x000001aba83d76ce sp=0x00000067524fc9a0 mode 0
Event: 6914.722 Thread 0x000001abc2ed2800 DEOPT PACKING pc=0x000001abac40e5f6 sp=0x00000067524fcca0
Event: 6914.722 Thread 0x000001abc2ed2800 DEOPT UNPACKING pc=0x000001aba83d76ce sp=0x00000067524fc218 mode 0
Event: 6914.805 Thread 0x000001abc2ed2800 Uncommon trap: trap_request=0xffffff4d fr.pc=0x000001abb15e7394 relative=0x0000000000000d94
Event: 6914.805 Thread 0x000001abc2ed2800 Uncommon trap: reason=unstable_if action=reinterpret pc=0x000001abb15e7394 method=com.sun.org.apache.xerces.internal.impl.XMLEntityScanner.scanLiteral(ILcom/sun/org/apache/xerces/internal/xni/XMLString;Z)I @ 44 c2
Event: 6914.805 Thread 0x000001abc2ed2800 DEOPT PACKING pc=0x000001abb15e7394 sp=0x00000067524fcfa0
Event: 6914.805 Thread 0x000001abc2ed2800 DEOPT UNPACKING pc=0x000001aba83d78af sp=0x00000067524fcf70 mode 2
Event: 6914.849 Thread 0x000001abc2ed2800 Uncommon trap: trap_request=0xffffff4d fr.pc=0x000001abb0758cdc relative=0x000000000000015c
Event: 6914.849 Thread 0x000001abc2ed2800 Uncommon trap: reason=unstable_if action=reinterpret pc=0x000001abb0758cdc method=com.google.protobuf.CodedOutputStream$OutputStreamEncoder.flushIfNotAvailable(I)V @ 10 c2
Event: 6914.849 Thread 0x000001abc2ed2800 DEOPT PACKING pc=0x000001abb0758cdc sp=0x00000067524fd130
Event: 6914.849 Thread 0x000001abc2ed2800 DEOPT UNPACKING pc=0x000001aba83d78af sp=0x00000067524fd000 mode 2
Event: 6921.743 Thread 0x000001abc6e5a800 DEOPT PACKING pc=0x000001abab5bf704 sp=0x0000006751efb670
Event: 6921.743 Thread 0x000001abc6e5a800 DEOPT UNPACKING pc=0x000001aba83d76ce sp=0x0000006751efaad0 mode 0

Classes redefined (0 events):
No events

Internal exceptions (20 events):
Event: 6873.188 Thread 0x000001abc5eed800 Exception <a 'sun/nio/fs/WindowsException'{0x000000008cdae7c0}> (0x000000008cdae7c0) thrown at [./src/hotspot/share/prims/jni.cpp, line 615]
Event: 6873.742 Thread 0x000001abc2776800 Exception <a 'sun/nio/fs/WindowsException'{0x000000008c730fb0}> (0x000000008c730fb0) thrown at [./src/hotspot/share/prims/jni.cpp, line 615]
Event: 6914.131 Thread 0x000001abc2eca000 Exception <a 'sun/nio/fs/WindowsException'{0x000000008b53e818}> (0x000000008b53e818) thrown at [./src/hotspot/share/prims/jni.cpp, line 615]
Event: 6914.161 Thread 0x000001abc2eca000 Exception <a 'java/lang/NoClassDefFoundError'{0x000000008b3f2880}: org/jetbrains/kotlin/gradle/plugin/KotlinBasePluginWrapper> (0x000000008b3f2880) thrown at [./src/hotspot/share/oops/constantPool.cpp, line 775]
Event: 6914.183 Thread 0x000001abc2eca000 Exception <a 'sun/nio/fs/WindowsException'{0x000000008b008430}> (0x000000008b008430) thrown at [./src/hotspot/share/prims/jni.cpp, line 615]
Event: 6914.192 Thread 0x000001abc2eca000 Exception <a 'sun/nio/fs/WindowsException'{0x000000008b0a4280}> (0x000000008b0a4280) thrown at [./src/hotspot/share/prims/jni.cpp, line 615]
Event: 6914.192 Thread 0x000001abc2eca000 Exception <a 'sun/nio/fs/WindowsException'{0x000000008b0a5218}> (0x000000008b0a5218) thrown at [./src/hotspot/share/prims/jni.cpp, line 615]
Event: 6914.192 Thread 0x000001abc2eca000 Exception <a 'sun/nio/fs/WindowsException'{0x000000008b0a6200}> (0x000000008b0a6200) thrown at [./src/hotspot/share/prims/jni.cpp, line 615]
Event: 6914.192 Thread 0x000001abc2eca000 Exception <a 'sun/nio/fs/WindowsException'{0x000000008b0a71e8}> (0x000000008b0a71e8) thrown at [./src/hotspot/share/prims/jni.cpp, line 615]
Event: 6914.214 Thread 0x000001abc2eca000 Exception <a 'sun/nio/fs/WindowsException'{0x000000008aef4620}> (0x000000008aef4620) thrown at [./src/hotspot/share/prims/jni.cpp, line 615]
Event: 6916.206 Thread 0x000001abc2ed2800 Exception <a 'java/io/IOException'{0x000000008a07ed88}> (0x000000008a07ed88) thrown at [./src/hotspot/share/prims/jni.cpp, line 615]
Event: 6916.217 Thread 0x000001abc01e2000 Exception <a 'sun/nio/fs/WindowsException'{0x0000000089d12150}> (0x0000000089d12150) thrown at [./src/hotspot/share/prims/jni.cpp, line 615]
Event: 6921.654 Thread 0x000001abc2eca000 Exception <a 'sun/nio/fs/WindowsException'{0x000000008cdfcdd8}> (0x000000008cdfcdd8) thrown at [./src/hotspot/share/prims/jni.cpp, line 615]
Event: 6921.679 Thread 0x000001abc2eca000 Exception <a 'java/lang/NoClassDefFoundError'{0x000000008caabdb8}: org/jetbrains/kotlin/gradle/plugin/KotlinBasePluginWrapper> (0x000000008caabdb8) thrown at [./src/hotspot/share/oops/constantPool.cpp, line 775]
Event: 6921.704 Thread 0x000001abc2eca000 Exception <a 'sun/nio/fs/WindowsException'{0x000000008c8c5b40}> (0x000000008c8c5b40) thrown at [./src/hotspot/share/prims/jni.cpp, line 615]
Event: 6921.709 Thread 0x000001abc2eca000 Exception <a 'sun/nio/fs/WindowsException'{0x000000008c761338}> (0x000000008c761338) thrown at [./src/hotspot/share/prims/jni.cpp, line 615]
Event: 6921.709 Thread 0x000001abc2eca000 Exception <a 'sun/nio/fs/WindowsException'{0x000000008c7622d0}> (0x000000008c7622d0) thrown at [./src/hotspot/share/prims/jni.cpp, line 615]
Event: 6921.709 Thread 0x000001abc2eca000 Exception <a 'sun/nio/fs/WindowsException'{0x000000008c7632b8}> (0x000000008c7632b8) thrown at [./src/hotspot/share/prims/jni.cpp, line 615]
Event: 6921.709 Thread 0x000001abc2eca000 Exception <a 'sun/nio/fs/WindowsException'{0x000000008c7642a0}> (0x000000008c7642a0) thrown at [./src/hotspot/share/prims/jni.cpp, line 615]
Event: 6921.723 Thread 0x000001abc2eca000 Exception <a 'sun/nio/fs/WindowsException'{0x000000008c4ae168}> (0x000000008c4ae168) thrown at [./src/hotspot/share/prims/jni.cpp, line 615]

Events (20 events):
Event: 6921.793 Executing VM operation: RevokeBias
Event: 6921.793 Executing VM operation: RevokeBias done
Event: 6921.793 Executing VM operation: RevokeBias
Event: 6921.794 Executing VM operation: RevokeBias done
Event: 6921.796 Executing VM operation: RevokeBias
Event: 6921.797 Executing VM operation: RevokeBias done
Event: 6921.815 Executing VM operation: RevokeBias
Event: 6921.815 Executing VM operation: RevokeBias done
Event: 6921.816 Thread 0x000001abc2ec5800 Thread added: 0x000001abc2ec5800
Event: 6921.817 Executing VM operation: RevokeBias
Event: 6921.818 Executing coalesced safepoint VM operation: RevokeBias
Event: 6921.818 Executing coalesced safepoint VM operation: RevokeBias done
Event: 6921.818 Executing VM operation: RevokeBias done
Event: 6921.818 Executing VM operation: RevokeBias
Event: 6921.818 Executing VM operation: RevokeBias done
Event: 6921.824 Thread 0x000001abc2ecf000 Thread added: 0x000001abc2ecf000
Event: 6921.825 Executing VM operation: RevokeBias
Event: 6921.826 Executing VM operation: RevokeBias done
Event: 6921.893 Thread 0x000001abc2ed2800 Thread added: 0x000001abc2ed2800
Event: 6921.894 Thread 0x000001abc2ecd800 Thread added: 0x000001abc2ecd800


Dynamic libraries:
0x00007ff69cfa0000 - 0x00007ff69cfaa000 	C:\Program Files\Android\Android Studio\jre\bin\java.exe
0x00007ffb99050000 - 0x00007ffb99245000 	C:\WINDOWS\SYSTEM32\ntdll.dll
0x00007ffb97ca0000 - 0x00007ffb97d5e000 	C:\WINDOWS\System32\KERNEL32.DLL
0x00007ffb96c90000 - 0x00007ffb96f58000 	C:\WINDOWS\System32\KERNELBASE.dll
0x00007ffb96f90000 - 0x00007ffb97090000 	C:\WINDOWS\System32\ucrtbase.dll
0x00007ffb814c0000 - 0x00007ffb814d9000 	C:\Program Files\Android\Android Studio\jre\bin\jli.dll
0x00007ffb81200000 - 0x00007ffb81217000 	C:\Program Files\Android\Android Studio\jre\bin\VCRUNTIME140.dll
0x00007ffb98170000 - 0x00007ffb98311000 	C:\WINDOWS\System32\USER32.dll
0x00007ffb967f0000 - 0x00007ffb96812000 	C:\WINDOWS\System32\win32u.dll
0x00007ffb98530000 - 0x00007ffb9855b000 	C:\WINDOWS\System32\GDI32.dll
0x00007ffb96b30000 - 0x00007ffb96c3d000 	C:\WINDOWS\System32\gdi32full.dll
0x00007ffb96820000 - 0x00007ffb968bd000 	C:\WINDOWS\System32\msvcp_win.dll
0x00007ffb84bb0000 - 0x00007ffb84e4a000 	C:\WINDOWS\WinSxS\amd64_microsoft.windows.common-controls_6595b64144ccf1df_6.0.19041.1110_none_60b5254171f9507e\COMCTL32.dll
0x00007ffb97ac0000 - 0x00007ffb97b5e000 	C:\WINDOWS\System32\msvcrt.dll
0x00007ffb97090000 - 0x00007ffb970c0000 	C:\WINDOWS\System32\IMM32.DLL
0x00007ffb6d170000 - 0x00007ffb6d20d000 	C:\Program Files\Android\Android Studio\jre\bin\msvcp140.dll
0x00007ffb63e30000 - 0x00007ffb648ff000 	C:\Program Files\Android\Android Studio\jre\bin\server\jvm.dll
0x00007ffb98480000 - 0x00007ffb9852c000 	C:\WINDOWS\System32\ADVAPI32.dll
0x00007ffb97a20000 - 0x00007ffb97abb000 	C:\WINDOWS\System32\sechost.dll
0x00007ffb97b60000 - 0x00007ffb97c8a000 	C:\WINDOWS\System32\RPCRT4.dll
0x00007ffb97d80000 - 0x00007ffb97d88000 	C:\WINDOWS\System32\PSAPI.DLL
0x00007ffb837c0000 - 0x00007ffb837c9000 	C:\WINDOWS\SYSTEM32\WSOCK32.dll
0x00007ffb85000000 - 0x00007ffb85027000 	C:\WINDOWS\SYSTEM32\WINMM.dll
0x00007ffb8dcf0000 - 0x00007ffb8dcfa000 	C:\WINDOWS\SYSTEM32\VERSION.dll
0x00007ffb98fa0000 - 0x00007ffb9900b000 	C:\WINDOWS\System32\WS2_32.dll
0x00007ffb95010000 - 0x00007ffb95022000 	C:\WINDOWS\SYSTEM32\kernel.appcore.dll
0x00007ffb862f0000 - 0x00007ffb86301000 	C:\Program Files\Android\Android Studio\jre\bin\verify.dll
0x00007ffb94540000 - 0x00007ffb94724000 	C:\WINDOWS\SYSTEM32\DBGHELP.DLL
0x00007ffb87be0000 - 0x00007ffb87c0c000 	C:\WINDOWS\SYSTEM32\dbgcore.DLL
0x00007ffb96760000 - 0x00007ffb967e2000 	C:\WINDOWS\System32\bcryptPrimitives.dll
0x00007ffb7a3c0000 - 0x00007ffb7a3e9000 	C:\Program Files\Android\Android Studio\jre\bin\java.dll
0x00007ffb8ef70000 - 0x00007ffb8ef7b000 	C:\Program Files\Android\Android Studio\jre\bin\jimage.dll
0x00007ffb82b90000 - 0x00007ffb82ba8000 	C:\Program Files\Android\Android Studio\jre\bin\zip.dll
0x00007ffb987c0000 - 0x00007ffb98f04000 	C:\WINDOWS\System32\SHELL32.dll
0x00007ffb94830000 - 0x00007ffb94fc4000 	C:\WINDOWS\SYSTEM32\windows.storage.dll
0x00007ffb97d90000 - 0x00007ffb980e5000 	C:\WINDOWS\System32\combase.dll
0x00007ffb961b0000 - 0x00007ffb961de000 	C:\WINDOWS\SYSTEM32\Wldp.dll
0x00007ffb983d0000 - 0x00007ffb9847d000 	C:\WINDOWS\System32\SHCORE.dll
0x00007ffb975a0000 - 0x00007ffb975f5000 	C:\WINDOWS\System32\shlwapi.dll
0x00007ffb966a0000 - 0x00007ffb966bf000 	C:\WINDOWS\SYSTEM32\profapi.dll
0x00007ffb811a0000 - 0x00007ffb811ba000 	C:\Program Files\Android\Android Studio\jre\bin\net.dll
0x00007ffb91330000 - 0x00007ffb9143c000 	C:\WINDOWS\SYSTEM32\WINHTTP.dll
0x00007ffb95f10000 - 0x00007ffb95f7a000 	C:\WINDOWS\system32\mswsock.dll
0x00007ffb797a0000 - 0x00007ffb797b4000 	C:\Program Files\Android\Android Studio\jre\bin\nio.dll
0x00007ffb745b0000 - 0x00007ffb745d7000 	C:\Users\ASUS\.gradle\native\8bec1ad78214c89d9ad589b4d07fe93259594b29d510b10fafb7a158f7737e5d\windows-amd64\native-platform.dll
0x00007ffb69020000 - 0x00007ffb6915d000 	C:\Users\ASUS\.gradle\native\53dbd7edfb1c66fb8903c78663c9afc45aea4f116125fa6feffd364cf09443e8\windows-amd64\native-platform-file-events.dll
0x00007ffb8edf0000 - 0x00007ffb8edfa000 	C:\Program Files\Android\Android Studio\jre\bin\management.dll
0x00007ffb85930000 - 0x00007ffb8593c000 	C:\Program Files\Android\Android Studio\jre\bin\management_ext.dll
0x00007ffb96100000 - 0x00007ffb96118000 	C:\WINDOWS\SYSTEM32\CRYPTSP.dll
0x00007ffb95820000 - 0x00007ffb95854000 	C:\WINDOWS\system32\rsaenh.dll
0x00007ffb96f60000 - 0x00007ffb96f87000 	C:\WINDOWS\System32\bcrypt.dll
0x00007ffb96660000 - 0x00007ffb9668e000 	C:\WINDOWS\SYSTEM32\USERENV.dll
0x00007ffb96120000 - 0x00007ffb9612c000 	C:\WINDOWS\SYSTEM32\CRYPTBASE.dll
0x00007ffb95bb0000 - 0x00007ffb95beb000 	C:\WINDOWS\SYSTEM32\IPHLPAPI.DLL
0x00007ffb97a10000 - 0x00007ffb97a18000 	C:\WINDOWS\System32\NSI.dll
0x00007ffb8ec70000 - 0x00007ffb8ec87000 	C:\WINDOWS\SYSTEM32\dhcpcsvc6.DLL
0x00007ffb8ec50000 - 0x00007ffb8ec6d000 	C:\WINDOWS\SYSTEM32\dhcpcsvc.DLL
0x00007ffb95c00000 - 0x00007ffb95ccb000 	C:\WINDOWS\SYSTEM32\DNSAPI.dll

dbghelp: loaded successfully - version: 4.0.5 - missing functions: none
symbol engine: initialized successfully - sym options: 0x614 - pdb path: .;C:\Program Files\Android\Android Studio\jre\bin;C:\WINDOWS\SYSTEM32;C:\WINDOWS\WinSxS\amd64_microsoft.windows.common-controls_6595b64144ccf1df_6.0.19041.1110_none_60b5254171f9507e;C:\Program Files\Android\Android Studio\jre\bin\server;C:\Users\ASUS\.gradle\native\8bec1ad78214c89d9ad589b4d07fe93259594b29d510b10fafb7a158f7737e5d\windows-amd64;C:\Users\ASUS\.gradle\native\53dbd7edfb1c66fb8903c78663c9afc45aea4f116125fa6feffd364cf09443e8\windows-amd64

VM Arguments:
jvm_args: --add-opens=java.base/java.util=ALL-UNNAMED --add-opens=java.base/java.lang=ALL-UNNAMED --add-opens=java.base/java.lang.invoke=ALL-UNNAMED --add-opens=java.base/java.util=ALL-UNNAMED --add-opens=java.prefs/java.util.prefs=ALL-UNNAMED --add-opens=java.prefs/java.util.prefs=ALL-UNNAMED --add-opens=java.base/java.nio.charset=ALL-UNNAMED --add-opens=java.base/java.net=ALL-UNNAMED --add-opens=java.base/java.util.concurrent.atomic=ALL-UNNAMED -Xmx2048m -Dfile.encoding=UTF-8 -Duser.country=CN -Duser.language=zh -Duser.variant 
java_command: org.gradle.launcher.daemon.bootstrap.GradleDaemon 7.0.2
java_class_path (initial): C:\Users\ASUS\.gradle\wrapper\dists\gradle-7.0.2-bin\857tjihv64xamwrf0h14cai3r\gradle-7.0.2\lib\gradle-launcher-7.0.2.jar
Launcher Type: SUN_STANDARD

[Global flags]
     intx CICompilerCount                          = 4                                         {product} {ergonomic}
     uint ConcGCThreads                            = 2                                         {product} {ergonomic}
     uint G1ConcRefinementThreads                  = 8                                         {product} {ergonomic}
   size_t G1HeapRegionSize                         = 1048576                                   {product} {ergonomic}
    uintx GCDrainStackTargetSize                   = 64                                        {product} {ergonomic}
   size_t InitialHeapSize                          = 132120576                                 {product} {ergonomic}
   size_t MarkStackSize                            = 4194304                                   {product} {ergonomic}
   size_t MaxHeapSize                              = 2147483648                                {product} {command line}
   size_t MaxNewSize                               = 1287651328                                {product} {ergonomic}
   size_t MinHeapDeltaBytes                        = 1048576                                   {product} {ergonomic}
    uintx NonNMethodCodeHeapSize                   = 5836300                                {pd product} {ergonomic}
    uintx NonProfiledCodeHeapSize                  = 122910970                              {pd product} {ergonomic}
    uintx ProfiledCodeHeapSize                     = 122910970                              {pd product} {ergonomic}
    uintx ReservedCodeCacheSize                    = 251658240                              {pd product} {ergonomic}
     bool SegmentedCodeCache                       = true                                      {product} {ergonomic}
     bool UseCompressedClassPointers               = true                                 {lp64_product} {ergonomic}
     bool UseCompressedOops                        = true                                 {lp64_product} {ergonomic}
     bool UseG1GC                                  = true                                      {product} {ergonomic}
     bool UseLargePagesIndividualAllocation        = false                                  {pd product} {ergonomic}

Logging:
Log output configuration:
 #0: stdout all=warning uptime,level,tags
 #1: stderr all=off uptime,level,tags

Environment Variables:
PATH=C:\Program Files (x86)\Intel\iCLS Client\;C:\Program Files\Intel\iCLS Client\;C:\Windows\system32;C:\Windows;C:\Windows\System32\Wbem;C:\Windows\System32\WindowsPowerShell\v1.0\;C:\Program Files (x86)\Intel\Intel(R) Management Engine Components\DAL;C:\Program Files\Intel\Intel(R) Management Engine Components\DAL;C:\Program Files (x86)\Intel\Intel(R) Management Engine Components\IPT;C:\Program Files\Intel\Intel(R) Management Engine Components\IPT;C:\Program Files (x86)\NVIDIA Corporation\PhysX\Common;C:\WINDOWS\system32;C:\WINDOWS;C:\WINDOWS\System32\Wbem;C:\WINDOWS\System32\WindowsPowerShell\v1.0\;C:\WINDOWS\System32\OpenSSH\;C:\Program Files\Intel\WiFi\bin\;C:\Program Files\Common Files\Intel\WirelessCommon\;C:\Program Files\Git\cmd;D:\wechat_small\微信web开发者工具\dll;C:\Users\ASUS\AppData\Local\Programs\Python\Python310\Scripts\;C:\Users\ASUS\AppData\Local\Programs\Python\Python310\;C:\Users\ASUS\AppData\Local\Microsoft\WindowsApps;;E:\Microsoft VS Code\bin
USERNAME=ASUS
OS=Windows_NT
PROCESSOR_IDENTIFIER=Intel64 Family 6 Model 142 Stepping 10, GenuineIntel



---------------  S Y S T E M  ---------------

OS: Windows 10 , 64 bit Build 19041 (10.0.19041.1348)
OS uptime: 0 days 6:58 hours

CPU:total 8 (initial active 8) (4 cores per cpu, 2 threads per core) family 6 model 142 stepping 10 microcode 0xb4, cmov, cx8, fxsr, mmx, sse, sse2, sse3, ssse3, sse4.1, sse4.2, popcnt, avx, avx2, aes, clmul, erms, 3dnowpref, lzcnt, ht, tsc, tscinvbit, bmi1, bmi2, adx, fma

Memory: 4k page, system-wide physical 8049M (848M free)
TotalPageFile size 16798M (AvailPageFile size 3M)
current process WorkingSet (physical memory assigned to process): 494M, peak: 543M
current process commit charge ("private bytes"): 652M, peak: 658M

vm_info: OpenJDK 64-Bit Server VM (11.0.10+0-b96-7249189) for windows-amd64 JRE (11.0.10+0-b96-7249189), built on Mar 31 2021 21:44:00 by "builder" with MS VC++ 14.0 (VS2015)

END.
